{"timestamp":"2025-08-25T12:07:14.777953","level":"info","event":"Filling up the DagBag from /opt/airflow/dags/ELT.py","logger":"airflow.models.dagbag.DagBag"}
{"timestamp":"2025-08-25T12:07:49.867264","level":"info","event":"Filling up the DagBag from /opt/airflow/dags/ELT.py","logger":"airflow.models.dagbag.DagBag"}
{"timestamp":"2025-08-25T12:08:23.255382","level":"info","event":"Filling up the DagBag from /opt/airflow/dags/ELT.py","logger":"airflow.models.dagbag.DagBag"}
{"timestamp":"2025-08-25T12:08:57.288535","level":"info","event":"Filling up the DagBag from /opt/airflow/dags/ELT.py","logger":"airflow.models.dagbag.DagBag"}
{"timestamp":"2025-08-25T12:09:30.330323","level":"info","event":"Filling up the DagBag from /opt/airflow/dags/ELT.py","logger":"airflow.models.dagbag.DagBag"}
{"timestamp":"2025-08-25T12:10:03.699567","level":"info","event":"Filling up the DagBag from /opt/airflow/dags/ELT.py","logger":"airflow.models.dagbag.DagBag"}
{"timestamp":"2025-08-25T12:10:37.393376","level":"info","event":"Filling up the DagBag from /opt/airflow/dags/ELT.py","logger":"airflow.models.dagbag.DagBag"}
{"timestamp":"2025-08-25T12:11:12.666093","level":"info","event":"Filling up the DagBag from /opt/airflow/dags/ELT.py","logger":"airflow.models.dagbag.DagBag"}
{"timestamp":"2025-08-25T12:11:44.298927","level":"info","event":"Filling up the DagBag from /opt/airflow/dags/ELT.py","logger":"airflow.models.dagbag.DagBag"}
{"timestamp":"2025-08-25T12:12:15.292242","level":"info","event":"Filling up the DagBag from /opt/airflow/dags/ELT.py","logger":"airflow.models.dagbag.DagBag"}
{"timestamp":"2025-08-25T12:12:45.700367","level":"info","event":"Filling up the DagBag from /opt/airflow/dags/ELT.py","logger":"airflow.models.dagbag.DagBag"}
{"timestamp":"2025-08-25T12:13:16.330512","level":"info","event":"Filling up the DagBag from /opt/airflow/dags/ELT.py","logger":"airflow.models.dagbag.DagBag"}
{"timestamp":"2025-08-25T12:13:46.920308","level":"info","event":"Filling up the DagBag from /opt/airflow/dags/ELT.py","logger":"airflow.models.dagbag.DagBag"}
{"timestamp":"2025-08-25T12:14:17.354553","level":"info","event":"Filling up the DagBag from /opt/airflow/dags/ELT.py","logger":"airflow.models.dagbag.DagBag"}
{"timestamp":"2025-08-25T12:14:47.794105","level":"info","event":"Filling up the DagBag from /opt/airflow/dags/ELT.py","logger":"airflow.models.dagbag.DagBag"}
{"timestamp":"2025-08-25T12:15:18.245784","level":"info","event":"Filling up the DagBag from /opt/airflow/dags/ELT.py","logger":"airflow.models.dagbag.DagBag"}
{"timestamp":"2025-08-25T12:15:48.687375","level":"info","event":"Filling up the DagBag from /opt/airflow/dags/ELT.py","logger":"airflow.models.dagbag.DagBag"}
{"timestamp":"2025-08-25T12:16:19.102469","level":"info","event":"Filling up the DagBag from /opt/airflow/dags/ELT.py","logger":"airflow.models.dagbag.DagBag"}
{"timestamp":"2025-08-25T12:16:49.506770","level":"info","event":"Filling up the DagBag from /opt/airflow/dags/ELT.py","logger":"airflow.models.dagbag.DagBag"}
{"timestamp":"2025-08-25T12:17:19.920994","level":"info","event":"Filling up the DagBag from /opt/airflow/dags/ELT.py","logger":"airflow.models.dagbag.DagBag"}
{"timestamp":"2025-08-25T12:17:50.331550","level":"info","event":"Filling up the DagBag from /opt/airflow/dags/ELT.py","logger":"airflow.models.dagbag.DagBag"}
{"timestamp":"2025-08-25T12:18:20.742891","level":"info","event":"Filling up the DagBag from /opt/airflow/dags/ELT.py","logger":"airflow.models.dagbag.DagBag"}
{"timestamp":"2025-08-25T12:18:51.359255","level":"info","event":"Filling up the DagBag from /opt/airflow/dags/ELT.py","logger":"airflow.models.dagbag.DagBag"}
{"timestamp":"2025-08-25T12:19:07.218873","level":"info","event":"Filling up the DagBag from /opt/airflow/dags/ELT.py","logger":"airflow.models.dagbag.DagBag"}
{"timestamp":"2025-08-25T12:19:09.605436","level":"info","event":"Filling up the DagBag from /opt/airflow/dags/ELT.py","logger":"airflow.models.dagbag.DagBag"}
{"timestamp":"2025-08-25T12:19:42.309490","level":"info","event":"Filling up the DagBag from /opt/airflow/dags/ELT.py","logger":"airflow.models.dagbag.DagBag"}
{"timestamp":"2025-08-25T12:20:13.309470","level":"info","event":"Filling up the DagBag from /opt/airflow/dags/ELT.py","logger":"airflow.models.dagbag.DagBag"}
{"timestamp":"2025-08-25T12:20:43.533233","level":"info","event":"Filling up the DagBag from /opt/airflow/dags/ELT.py","logger":"airflow.models.dagbag.DagBag"}
{"timestamp":"2025-08-25T12:21:14.006997","level":"info","event":"Filling up the DagBag from /opt/airflow/dags/ELT.py","logger":"airflow.models.dagbag.DagBag"}
{"timestamp":"2025-08-25T12:21:49.056317","level":"info","event":"Filling up the DagBag from /opt/airflow/dags/ELT.py","logger":"airflow.models.dagbag.DagBag"}
{"timestamp":"2025-08-25T12:22:20.953405","level":"info","event":"Filling up the DagBag from /opt/airflow/dags/ELT.py","logger":"airflow.models.dagbag.DagBag"}
{"timestamp":"2025-08-25T12:22:51.499808","level":"info","event":"Filling up the DagBag from /opt/airflow/dags/ELT.py","logger":"airflow.models.dagbag.DagBag"}
{"timestamp":"2025-08-25T12:23:21.892899","level":"info","event":"Filling up the DagBag from /opt/airflow/dags/ELT.py","logger":"airflow.models.dagbag.DagBag"}
{"timestamp":"2025-08-25T12:23:52.399110","level":"info","event":"Filling up the DagBag from /opt/airflow/dags/ELT.py","logger":"airflow.models.dagbag.DagBag"}
{"timestamp":"2025-08-25T12:24:23.124128","level":"info","event":"Filling up the DagBag from /opt/airflow/dags/ELT.py","logger":"airflow.models.dagbag.DagBag"}
{"timestamp":"2025-08-25T12:24:53.882643","level":"info","event":"Filling up the DagBag from /opt/airflow/dags/ELT.py","logger":"airflow.models.dagbag.DagBag"}
{"timestamp":"2025-08-25T12:25:27.423039","level":"info","event":"Filling up the DagBag from /opt/airflow/dags/ELT.py","logger":"airflow.models.dagbag.DagBag"}
{"timestamp":"2025-08-25T12:25:57.951227","level":"info","event":"Filling up the DagBag from /opt/airflow/dags/ELT.py","logger":"airflow.models.dagbag.DagBag"}
{"timestamp":"2025-08-25T12:26:28.370549","level":"info","event":"Filling up the DagBag from /opt/airflow/dags/ELT.py","logger":"airflow.models.dagbag.DagBag"}
{"timestamp":"2025-08-25T12:26:58.906379","level":"info","event":"Filling up the DagBag from /opt/airflow/dags/ELT.py","logger":"airflow.models.dagbag.DagBag"}
{"timestamp":"2025-08-25T12:27:29.659848","level":"info","event":"Filling up the DagBag from /opt/airflow/dags/ELT.py","logger":"airflow.models.dagbag.DagBag"}
{"timestamp":"2025-08-25T12:27:46.949389","level":"info","event":"Filling up the DagBag from /opt/airflow/dags/ELT.py","logger":"airflow.models.dagbag.DagBag"}
{"timestamp":"2025-08-25T12:29:54.702277","level":"info","event":"Filling up the DagBag from /opt/airflow/dags/ELT.py","logger":"airflow.models.dagbag.DagBag"}
{"timestamp":"2025-08-25T12:30:37.311755","level":"info","event":"Filling up the DagBag from /opt/airflow/dags/ELT.py","logger":"airflow.models.dagbag.DagBag"}
{"timestamp":"2025-08-25T12:31:08.383150","level":"info","event":"Filling up the DagBag from /opt/airflow/dags/ELT.py","logger":"airflow.models.dagbag.DagBag"}
{"timestamp":"2025-08-25T12:31:34.679898","level":"info","event":"Filling up the DagBag from /opt/airflow/dags/ELT.py","logger":"airflow.models.dagbag.DagBag"}
{"timestamp":"2025-08-25T12:32:12.891052","level":"info","event":"Filling up the DagBag from /opt/airflow/dags/ELT.py","logger":"airflow.models.dagbag.DagBag"}
{"timestamp":"2025-08-25T12:32:45.495479","level":"info","event":"Filling up the DagBag from /opt/airflow/dags/ELT.py","logger":"airflow.models.dagbag.DagBag"}
{"timestamp":"2025-08-25T12:33:20.221837","level":"info","event":"Filling up the DagBag from /opt/airflow/dags/ELT.py","logger":"airflow.models.dagbag.DagBag"}
{"timestamp":"2025-08-25T12:33:54.649221","level":"info","event":"Filling up the DagBag from /opt/airflow/dags/ELT.py","logger":"airflow.models.dagbag.DagBag"}
{"timestamp":"2025-08-25T12:34:27.005947","level":"info","event":"Filling up the DagBag from /opt/airflow/dags/ELT.py","logger":"airflow.models.dagbag.DagBag"}
{"timestamp":"2025-08-25T12:34:57.556792","level":"info","event":"Filling up the DagBag from /opt/airflow/dags/ELT.py","logger":"airflow.models.dagbag.DagBag"}
{"timestamp":"2025-08-25T12:35:28.107386","level":"info","event":"Filling up the DagBag from /opt/airflow/dags/ELT.py","logger":"airflow.models.dagbag.DagBag"}
{"timestamp":"2025-08-25T12:35:58.548990","level":"info","event":"Filling up the DagBag from /opt/airflow/dags/ELT.py","logger":"airflow.models.dagbag.DagBag"}
{"timestamp":"2025-08-25T12:36:28.916298","level":"info","event":"Filling up the DagBag from /opt/airflow/dags/ELT.py","logger":"airflow.models.dagbag.DagBag"}
{"timestamp":"2025-08-25T12:36:41.317711","level":"info","event":"Filling up the DagBag from /opt/airflow/dags/ELT.py","logger":"airflow.models.dagbag.DagBag"}
{"timestamp":"2025-08-25T12:36:43.252027","level":"info","event":"Filling up the DagBag from /opt/airflow/dags/ELT.py","logger":"airflow.models.dagbag.DagBag"}
{"timestamp":"2025-08-25T12:37:14.638093","level":"info","event":"Filling up the DagBag from /opt/airflow/dags/ELT.py","logger":"airflow.models.dagbag.DagBag"}
{"timestamp":"2025-08-25T12:37:49.113399","level":"info","event":"Filling up the DagBag from /opt/airflow/dags/ELT.py","logger":"airflow.models.dagbag.DagBag"}
{"timestamp":"2025-08-25T12:38:20.883886","level":"info","event":"Filling up the DagBag from /opt/airflow/dags/ELT.py","logger":"airflow.models.dagbag.DagBag"}
{"timestamp":"2025-08-25T12:38:51.470663","level":"info","event":"Filling up the DagBag from /opt/airflow/dags/ELT.py","logger":"airflow.models.dagbag.DagBag"}
{"timestamp":"2025-08-25T12:39:21.910811","level":"info","event":"Filling up the DagBag from /opt/airflow/dags/ELT.py","logger":"airflow.models.dagbag.DagBag"}
{"timestamp":"2025-08-25T12:39:52.356002","level":"info","event":"Filling up the DagBag from /opt/airflow/dags/ELT.py","logger":"airflow.models.dagbag.DagBag"}
{"timestamp":"2025-08-25T12:40:22.747830","level":"info","event":"Filling up the DagBag from /opt/airflow/dags/ELT.py","logger":"airflow.models.dagbag.DagBag"}
{"timestamp":"2025-08-25T12:40:53.231271","level":"info","event":"Filling up the DagBag from /opt/airflow/dags/ELT.py","logger":"airflow.models.dagbag.DagBag"}
{"timestamp":"2025-08-25T12:41:23.640702","level":"info","event":"Filling up the DagBag from /opt/airflow/dags/ELT.py","logger":"airflow.models.dagbag.DagBag"}
{"timestamp":"2025-08-25T12:41:54.062870","level":"info","event":"Filling up the DagBag from /opt/airflow/dags/ELT.py","logger":"airflow.models.dagbag.DagBag"}
{"timestamp":"2025-08-25T12:42:24.474337","level":"info","event":"Filling up the DagBag from /opt/airflow/dags/ELT.py","logger":"airflow.models.dagbag.DagBag"}
{"timestamp":"2025-08-25T12:42:54.855827","level":"info","event":"Filling up the DagBag from /opt/airflow/dags/ELT.py","logger":"airflow.models.dagbag.DagBag"}
{"timestamp":"2025-08-25T12:43:25.228145","level":"info","event":"Filling up the DagBag from /opt/airflow/dags/ELT.py","logger":"airflow.models.dagbag.DagBag"}
{"timestamp":"2025-08-25T12:43:55.579139","level":"info","event":"Filling up the DagBag from /opt/airflow/dags/ELT.py","logger":"airflow.models.dagbag.DagBag"}
{"timestamp":"2025-08-25T12:44:29.109276","level":"info","event":"Filling up the DagBag from /opt/airflow/dags/ELT.py","logger":"airflow.models.dagbag.DagBag"}
{"timestamp":"2025-08-25T12:44:59.497513","level":"info","event":"Filling up the DagBag from /opt/airflow/dags/ELT.py","logger":"airflow.models.dagbag.DagBag"}
{"timestamp":"2025-08-25T12:45:03.644786","level":"info","event":"Filling up the DagBag from /opt/airflow/dags/ELT.py","logger":"airflow.models.dagbag.DagBag"}
{"timestamp":"2025-08-25T12:45:05.449199","level":"info","event":"Filling up the DagBag from /opt/airflow/dags/ELT.py","logger":"airflow.models.dagbag.DagBag"}
{"timestamp":"2025-08-25T12:45:05.627796","level":"info","event":"Filling up the DagBag from /opt/airflow/dags/ELT.py","logger":"airflow.models.dagbag.DagBag"}
{"timestamp":"2025-08-25T12:45:06.798433","level":"info","event":"Filling up the DagBag from /opt/airflow/dags/ELT.py","logger":"airflow.models.dagbag.DagBag"}
{"timestamp":"2025-08-25T12:45:38.710883","level":"info","event":"Filling up the DagBag from /opt/airflow/dags/ELT.py","logger":"airflow.models.dagbag.DagBag"}
{"timestamp":"2025-08-25T12:46:10.905366","level":"info","event":"Filling up the DagBag from /opt/airflow/dags/ELT.py","logger":"airflow.models.dagbag.DagBag"}
{"timestamp":"2025-08-25T12:46:42.305699","level":"info","event":"Filling up the DagBag from /opt/airflow/dags/ELT.py","logger":"airflow.models.dagbag.DagBag"}
{"timestamp":"2025-08-25T12:47:14.138977","level":"info","event":"Filling up the DagBag from /opt/airflow/dags/ELT.py","logger":"airflow.models.dagbag.DagBag"}
{"timestamp":"2025-08-25T12:47:45.591688","level":"info","event":"Filling up the DagBag from /opt/airflow/dags/ELT.py","logger":"airflow.models.dagbag.DagBag"}
{"timestamp":"2025-08-25T12:48:17.383933","level":"info","event":"Filling up the DagBag from /opt/airflow/dags/ELT.py","logger":"airflow.models.dagbag.DagBag"}
{"timestamp":"2025-08-25T12:48:49.475726","level":"info","event":"Filling up the DagBag from /opt/airflow/dags/ELT.py","logger":"airflow.models.dagbag.DagBag"}
{"timestamp":"2025-08-25T12:49:20.468496","level":"info","event":"Filling up the DagBag from /opt/airflow/dags/ELT.py","logger":"airflow.models.dagbag.DagBag"}
{"timestamp":"2025-08-25T12:49:51.075841","level":"info","event":"Filling up the DagBag from /opt/airflow/dags/ELT.py","logger":"airflow.models.dagbag.DagBag"}
{"timestamp":"2025-08-25T12:50:21.500863","level":"info","event":"Filling up the DagBag from /opt/airflow/dags/ELT.py","logger":"airflow.models.dagbag.DagBag"}
{"timestamp":"2025-08-25T12:50:51.972264","level":"info","event":"Filling up the DagBag from /opt/airflow/dags/ELT.py","logger":"airflow.models.dagbag.DagBag"}
{"timestamp":"2025-08-25T12:51:22.508614","level":"info","event":"Filling up the DagBag from /opt/airflow/dags/ELT.py","logger":"airflow.models.dagbag.DagBag"}
{"timestamp":"2025-08-25T12:51:53.611350","level":"info","event":"Filling up the DagBag from /opt/airflow/dags/ELT.py","logger":"airflow.models.dagbag.DagBag"}
{"timestamp":"2025-08-25T12:52:23.993641","level":"info","event":"Filling up the DagBag from /opt/airflow/dags/ELT.py","logger":"airflow.models.dagbag.DagBag"}
{"timestamp":"2025-08-25T12:52:54.407424","level":"info","event":"Filling up the DagBag from /opt/airflow/dags/ELT.py","logger":"airflow.models.dagbag.DagBag"}
{"timestamp":"2025-08-25T12:53:24.781158","level":"info","event":"Filling up the DagBag from /opt/airflow/dags/ELT.py","logger":"airflow.models.dagbag.DagBag"}
{"timestamp":"2025-08-25T12:53:55.186538","level":"info","event":"Filling up the DagBag from /opt/airflow/dags/ELT.py","logger":"airflow.models.dagbag.DagBag"}
{"timestamp":"2025-08-25T12:54:25.633106","level":"info","event":"Filling up the DagBag from /opt/airflow/dags/ELT.py","logger":"airflow.models.dagbag.DagBag"}
{"timestamp":"2025-08-25T12:54:56.090585","level":"info","event":"Filling up the DagBag from /opt/airflow/dags/ELT.py","logger":"airflow.models.dagbag.DagBag"}
{"timestamp":"2025-08-25T12:55:26.559625","level":"info","event":"Filling up the DagBag from /opt/airflow/dags/ELT.py","logger":"airflow.models.dagbag.DagBag"}
{"timestamp":"2025-08-25T12:55:42.956926","level":"info","event":"Filling up the DagBag from /opt/airflow/dags/ELT.py","logger":"airflow.models.dagbag.DagBag"}
{"timestamp":"2025-08-25T12:55:45.210844","level":"info","event":"Filling up the DagBag from /opt/airflow/dags/ELT.py","logger":"airflow.models.dagbag.DagBag"}
{"timestamp":"2025-08-25T12:55:45.513297","level":"info","event":"Filling up the DagBag from /opt/airflow/dags/ELT.py","logger":"airflow.models.dagbag.DagBag"}
{"timestamp":"2025-08-25T12:55:46.625874","level":"info","event":"Filling up the DagBag from /opt/airflow/dags/ELT.py","logger":"airflow.models.dagbag.DagBag"}
{"timestamp":"2025-08-25T12:56:22.231830","level":"info","event":"Filling up the DagBag from /opt/airflow/dags/ELT.py","logger":"airflow.models.dagbag.DagBag"}
{"timestamp":"2025-08-25T12:56:57.027372","level":"info","event":"Filling up the DagBag from /opt/airflow/dags/ELT.py","logger":"airflow.models.dagbag.DagBag"}
{"timestamp":"2025-08-25T12:57:30.544252","level":"info","event":"Filling up the DagBag from /opt/airflow/dags/ELT.py","logger":"airflow.models.dagbag.DagBag"}
{"timestamp":"2025-08-25T12:58:05.146096","level":"info","event":"Filling up the DagBag from /opt/airflow/dags/ELT.py","logger":"airflow.models.dagbag.DagBag"}
{"timestamp":"2025-08-25T12:58:35.789789","level":"info","event":"Filling up the DagBag from /opt/airflow/dags/ELT.py","logger":"airflow.models.dagbag.DagBag"}
{"timestamp":"2025-08-25T12:59:06.358553","level":"info","event":"Filling up the DagBag from /opt/airflow/dags/ELT.py","logger":"airflow.models.dagbag.DagBag"}
{"timestamp":"2025-08-25T12:59:36.811593","level":"info","event":"Filling up the DagBag from /opt/airflow/dags/ELT.py","logger":"airflow.models.dagbag.DagBag"}
{"timestamp":"2025-08-25T13:00:07.297561","level":"info","event":"Filling up the DagBag from /opt/airflow/dags/ELT.py","logger":"airflow.models.dagbag.DagBag"}
{"timestamp":"2025-08-25T13:00:36.794230","level":"info","event":"Filling up the DagBag from /opt/airflow/dags/ELT.py","logger":"airflow.models.dagbag.DagBag"}
{"timestamp":"2025-08-25T13:00:36.898109","level":"error","event":"Failed to import: /opt/airflow/dags/ELT.py","logger":"airflow.models.dagbag.DagBag","error_detail":[{"exc_type":"NameError","exc_value":"name 'dbt_run' is not defined","exc_notes":[],"syntax_error":null,"is_cause":false,"frames":[{"filename":"/home/airflow/.local/lib/python3.12/site-packages/airflow/models/dagbag.py","lineno":394,"name":"parse"},{"filename":"<frozen importlib._bootstrap_external>","lineno":999,"name":"exec_module"},{"filename":"<frozen importlib._bootstrap>","lineno":488,"name":"_call_with_frames_removed"},{"filename":"/opt/airflow/dags/ELT.py","lineno":112,"name":"<module>"},{"filename":"/home/airflow/.local/lib/python3.12/site-packages/airflow/sdk/definitions/dag.py","lineno":1421,"name":"factory"},{"filename":"/opt/airflow/dags/ELT.py","lineno":110,"name":"elt_pipeline_com_dbt"}],"is_group":false,"exceptions":[]}]}
{"timestamp":"2025-08-25T13:00:38.046222","level":"info","event":"Filling up the DagBag from /opt/airflow/dags/ELT.py","logger":"airflow.models.dagbag.DagBag"}
{"timestamp":"2025-08-25T13:00:40.454438","level":"info","event":"Filling up the DagBag from /opt/airflow/dags/ELT.py","logger":"airflow.models.dagbag.DagBag"}
{"timestamp":"2025-08-25T13:00:40.495558","level":"error","event":"Failed to import: /opt/airflow/dags/ELT.py","logger":"airflow.models.dagbag.DagBag","error_detail":[{"exc_type":"SyntaxError","exc_value":"unmatched ')' (ELT.py, line 99)","exc_notes":[],"syntax_error":{"offset":5,"filename":"/opt/airflow/dags/ELT.py","line":"    )","lineno":99,"msg":"unmatched ')'"},"is_cause":false,"frames":[{"filename":"/home/airflow/.local/lib/python3.12/site-packages/airflow/models/dagbag.py","lineno":394,"name":"parse"},{"filename":"<frozen importlib._bootstrap_external>","lineno":995,"name":"exec_module"},{"filename":"<frozen importlib._bootstrap_external>","lineno":1133,"name":"get_code"},{"filename":"<frozen importlib._bootstrap_external>","lineno":1063,"name":"source_to_code"},{"filename":"<frozen importlib._bootstrap>","lineno":488,"name":"_call_with_frames_removed"}],"is_group":false,"exceptions":[]}]}
{"timestamp":"2025-08-25T13:00:42.607110","level":"info","event":"Filling up the DagBag from /opt/airflow/dags/ELT.py","logger":"airflow.models.dagbag.DagBag"}
{"timestamp":"2025-08-25T13:00:42.623996","level":"error","event":"Failed to import: /opt/airflow/dags/ELT.py","logger":"airflow.models.dagbag.DagBag","error_detail":[{"exc_type":"SyntaxError","exc_value":"unmatched ')' (ELT.py, line 99)","exc_notes":[],"syntax_error":{"offset":5,"filename":"/opt/airflow/dags/ELT.py","line":"    )","lineno":99,"msg":"unmatched ')'"},"is_cause":false,"frames":[{"filename":"/home/airflow/.local/lib/python3.12/site-packages/airflow/models/dagbag.py","lineno":394,"name":"parse"},{"filename":"<frozen importlib._bootstrap_external>","lineno":995,"name":"exec_module"},{"filename":"<frozen importlib._bootstrap_external>","lineno":1133,"name":"get_code"},{"filename":"<frozen importlib._bootstrap_external>","lineno":1063,"name":"source_to_code"},{"filename":"<frozen importlib._bootstrap>","lineno":488,"name":"_call_with_frames_removed"}],"is_group":false,"exceptions":[]}]}
{"timestamp":"2025-08-25T13:00:43.692561","level":"info","event":"Filling up the DagBag from /opt/airflow/dags/ELT.py","logger":"airflow.models.dagbag.DagBag"}
{"timestamp":"2025-08-25T13:00:53.960877","level":"info","event":"Filling up the DagBag from /opt/airflow/dags/ELT.py","logger":"airflow.models.dagbag.DagBag"}
{"timestamp":"2025-08-25T13:00:53.979574","level":"error","event":"Failed to import: /opt/airflow/dags/ELT.py","logger":"airflow.models.dagbag.DagBag","error_detail":[{"exc_type":"SyntaxError","exc_value":"unterminated triple-quoted string literal (detected at line 115) (ELT.py, line 96)","exc_notes":[],"syntax_error":{"offset":5,"filename":"/opt/airflow/dags/ELT.py","line":"    '''dbt_run = BashOperator(","lineno":96,"msg":"unterminated triple-quoted string literal (detected at line 115)"},"is_cause":false,"frames":[{"filename":"/home/airflow/.local/lib/python3.12/site-packages/airflow/models/dagbag.py","lineno":394,"name":"parse"},{"filename":"<frozen importlib._bootstrap_external>","lineno":995,"name":"exec_module"},{"filename":"<frozen importlib._bootstrap_external>","lineno":1133,"name":"get_code"},{"filename":"<frozen importlib._bootstrap_external>","lineno":1063,"name":"source_to_code"},{"filename":"<frozen importlib._bootstrap>","lineno":488,"name":"_call_with_frames_removed"}],"is_group":false,"exceptions":[]}]}
{"timestamp":"2025-08-25T13:01:01.161754","level":"info","event":"Filling up the DagBag from /opt/airflow/dags/ELT.py","logger":"airflow.models.dagbag.DagBag"}
{"timestamp":"2025-08-25T13:01:01.226172","level":"error","event":"Failed to import: /opt/airflow/dags/ELT.py","logger":"airflow.models.dagbag.DagBag","error_detail":[{"exc_type":"NameError","exc_value":"name 'dbt_run' is not defined","exc_notes":[],"syntax_error":null,"is_cause":false,"frames":[{"filename":"/home/airflow/.local/lib/python3.12/site-packages/airflow/models/dagbag.py","lineno":394,"name":"parse"},{"filename":"<frozen importlib._bootstrap_external>","lineno":999,"name":"exec_module"},{"filename":"<frozen importlib._bootstrap>","lineno":488,"name":"_call_with_frames_removed"},{"filename":"/opt/airflow/dags/ELT.py","lineno":115,"name":"<module>"},{"filename":"/home/airflow/.local/lib/python3.12/site-packages/airflow/sdk/definitions/dag.py","lineno":1421,"name":"factory"},{"filename":"/opt/airflow/dags/ELT.py","lineno":113,"name":"elt_pipeline_com_dbt"}],"is_group":false,"exceptions":[]}]}
{"timestamp":"2025-08-25T13:01:06.355934","level":"info","event":"Filling up the DagBag from /opt/airflow/dags/ELT.py","logger":"airflow.models.dagbag.DagBag"}
{"timestamp":"2025-08-25T13:01:24.753626","level":"info","event":"Filling up the DagBag from /opt/airflow/dags/ELT.py","logger":"airflow.models.dagbag.DagBag"}
{"timestamp":"2025-08-25T13:01:25.874718","level":"info","event":"Filling up the DagBag from /opt/airflow/dags/ELT.py","logger":"airflow.models.dagbag.DagBag"}
{"timestamp":"2025-08-25T13:01:26.994934","level":"info","event":"Filling up the DagBag from /opt/airflow/dags/ELT.py","logger":"airflow.models.dagbag.DagBag"}
{"timestamp":"2025-08-25T13:01:28.109179","level":"info","event":"Filling up the DagBag from /opt/airflow/dags/ELT.py","logger":"airflow.models.dagbag.DagBag"}
{"timestamp":"2025-08-25T13:01:59.445486","level":"info","event":"Filling up the DagBag from /opt/airflow/dags/ELT.py","logger":"airflow.models.dagbag.DagBag"}
{"timestamp":"2025-08-25T13:02:30.591954","level":"info","event":"Filling up the DagBag from /opt/airflow/dags/ELT.py","logger":"airflow.models.dagbag.DagBag"}
{"timestamp":"2025-08-25T13:03:01.330812","level":"info","event":"Filling up the DagBag from /opt/airflow/dags/ELT.py","logger":"airflow.models.dagbag.DagBag"}
{"timestamp":"2025-08-25T13:03:31.841415","level":"info","event":"Filling up the DagBag from /opt/airflow/dags/ELT.py","logger":"airflow.models.dagbag.DagBag"}
{"timestamp":"2025-08-25T13:04:05.418385","level":"info","event":"Filling up the DagBag from /opt/airflow/dags/ELT.py","logger":"airflow.models.dagbag.DagBag"}
{"timestamp":"2025-08-25T13:04:37.209143","level":"info","event":"Filling up the DagBag from /opt/airflow/dags/ELT.py","logger":"airflow.models.dagbag.DagBag"}
{"timestamp":"2025-08-25T13:04:58.876784","level":"info","event":"Filling up the DagBag from /opt/airflow/dags/ELT.py","logger":"airflow.models.dagbag.DagBag"}
{"timestamp":"2025-08-25T13:05:14.354119","level":"info","event":"Filling up the DagBag from /opt/airflow/dags/ELT.py","logger":"airflow.models.dagbag.DagBag"}
{"timestamp":"2025-08-25T13:05:22.699031","level":"info","event":"Filling up the DagBag from /opt/airflow/dags/ELT.py","logger":"airflow.models.dagbag.DagBag"}
{"timestamp":"2025-08-25T13:05:23.399995","level":"info","event":"Filling up the DagBag from /opt/airflow/dags/ELT.py","logger":"airflow.models.dagbag.DagBag"}
{"timestamp":"2025-08-25T13:05:54.072707","level":"info","event":"Filling up the DagBag from /opt/airflow/dags/ELT.py","logger":"airflow.models.dagbag.DagBag"}
{"timestamp":"2025-08-25T13:06:40.133083","level":"info","event":"Filling up the DagBag from /opt/airflow/dags/ELT.py","logger":"airflow.models.dagbag.DagBag"}
{"timestamp":"2025-08-25T13:07:11.682601","level":"info","event":"Filling up the DagBag from /opt/airflow/dags/ELT.py","logger":"airflow.models.dagbag.DagBag"}
{"timestamp":"2025-08-25T13:07:44.510413","level":"info","event":"Filling up the DagBag from /opt/airflow/dags/ELT.py","logger":"airflow.models.dagbag.DagBag"}
{"timestamp":"2025-08-25T13:08:15.499295","level":"info","event":"Filling up the DagBag from /opt/airflow/dags/ELT.py","logger":"airflow.models.dagbag.DagBag"}
{"timestamp":"2025-08-25T13:08:45.914827","level":"info","event":"Filling up the DagBag from /opt/airflow/dags/ELT.py","logger":"airflow.models.dagbag.DagBag"}
{"timestamp":"2025-08-25T13:09:16.368573","level":"info","event":"Filling up the DagBag from /opt/airflow/dags/ELT.py","logger":"airflow.models.dagbag.DagBag"}
{"timestamp":"2025-08-25T13:09:46.772746","level":"info","event":"Filling up the DagBag from /opt/airflow/dags/ELT.py","logger":"airflow.models.dagbag.DagBag"}
{"timestamp":"2025-08-25T13:10:17.314167","level":"info","event":"Filling up the DagBag from /opt/airflow/dags/ELT.py","logger":"airflow.models.dagbag.DagBag"}
{"timestamp":"2025-08-25T13:10:47.829936","level":"info","event":"Filling up the DagBag from /opt/airflow/dags/ELT.py","logger":"airflow.models.dagbag.DagBag"}
{"timestamp":"2025-08-25T13:11:18.253318","level":"info","event":"Filling up the DagBag from /opt/airflow/dags/ELT.py","logger":"airflow.models.dagbag.DagBag"}
{"timestamp":"2025-08-25T13:11:48.640858","level":"info","event":"Filling up the DagBag from /opt/airflow/dags/ELT.py","logger":"airflow.models.dagbag.DagBag"}
{"timestamp":"2025-08-25T13:12:19.030851","level":"info","event":"Filling up the DagBag from /opt/airflow/dags/ELT.py","logger":"airflow.models.dagbag.DagBag"}
{"timestamp":"2025-08-25T13:12:49.405288","level":"info","event":"Filling up the DagBag from /opt/airflow/dags/ELT.py","logger":"airflow.models.dagbag.DagBag"}
{"timestamp":"2025-08-25T13:13:19.831861","level":"info","event":"Filling up the DagBag from /opt/airflow/dags/ELT.py","logger":"airflow.models.dagbag.DagBag"}
{"timestamp":"2025-08-25T13:13:50.215093","level":"info","event":"Filling up the DagBag from /opt/airflow/dags/ELT.py","logger":"airflow.models.dagbag.DagBag"}
{"timestamp":"2025-08-25T13:14:20.637811","level":"info","event":"Filling up the DagBag from /opt/airflow/dags/ELT.py","logger":"airflow.models.dagbag.DagBag"}
{"timestamp":"2025-08-25T13:14:51.041514","level":"info","event":"Filling up the DagBag from /opt/airflow/dags/ELT.py","logger":"airflow.models.dagbag.DagBag"}
{"timestamp":"2025-08-25T13:15:21.503264","level":"info","event":"Filling up the DagBag from /opt/airflow/dags/ELT.py","logger":"airflow.models.dagbag.DagBag"}
{"timestamp":"2025-08-25T13:15:51.914749","level":"info","event":"Filling up the DagBag from /opt/airflow/dags/ELT.py","logger":"airflow.models.dagbag.DagBag"}
{"timestamp":"2025-08-25T13:15:57.115275","level":"info","event":"Filling up the DagBag from /opt/airflow/dags/ELT.py","logger":"airflow.models.dagbag.DagBag"}
{"timestamp":"2025-08-25T13:16:27.646792","level":"info","event":"Filling up the DagBag from /opt/airflow/dags/ELT.py","logger":"airflow.models.dagbag.DagBag"}
{"timestamp":"2025-08-25T13:16:55.071542","level":"info","event":"Filling up the DagBag from /opt/airflow/dags/ELT.py","logger":"airflow.models.dagbag.DagBag"}
{"timestamp":"2025-08-25T13:16:56.189155","level":"info","event":"Filling up the DagBag from /opt/airflow/dags/ELT.py","logger":"airflow.models.dagbag.DagBag"}
{"timestamp":"2025-08-25T13:17:26.717491","level":"info","event":"Filling up the DagBag from /opt/airflow/dags/ELT.py","logger":"airflow.models.dagbag.DagBag"}
{"timestamp":"2025-08-25T13:17:57.321771","level":"info","event":"Filling up the DagBag from /opt/airflow/dags/ELT.py","logger":"airflow.models.dagbag.DagBag"}
{"timestamp":"2025-08-25T13:18:27.887759","level":"info","event":"Filling up the DagBag from /opt/airflow/dags/ELT.py","logger":"airflow.models.dagbag.DagBag"}
{"timestamp":"2025-08-25T13:18:58.276431","level":"info","event":"Filling up the DagBag from /opt/airflow/dags/ELT.py","logger":"airflow.models.dagbag.DagBag"}
{"timestamp":"2025-08-25T13:19:28.678672","level":"info","event":"Filling up the DagBag from /opt/airflow/dags/ELT.py","logger":"airflow.models.dagbag.DagBag"}
{"timestamp":"2025-08-25T13:19:59.116211","level":"info","event":"Filling up the DagBag from /opt/airflow/dags/ELT.py","logger":"airflow.models.dagbag.DagBag"}
{"timestamp":"2025-08-25T13:20:29.608135","level":"info","event":"Filling up the DagBag from /opt/airflow/dags/ELT.py","logger":"airflow.models.dagbag.DagBag"}
{"timestamp":"2025-08-25T13:21:00.152145","level":"info","event":"Filling up the DagBag from /opt/airflow/dags/ELT.py","logger":"airflow.models.dagbag.DagBag"}
{"timestamp":"2025-08-25T13:21:30.611791","level":"info","event":"Filling up the DagBag from /opt/airflow/dags/ELT.py","logger":"airflow.models.dagbag.DagBag"}
{"timestamp":"2025-08-25T13:22:01.124950","level":"info","event":"Filling up the DagBag from /opt/airflow/dags/ELT.py","logger":"airflow.models.dagbag.DagBag"}
{"timestamp":"2025-08-25T13:22:31.607885","level":"info","event":"Filling up the DagBag from /opt/airflow/dags/ELT.py","logger":"airflow.models.dagbag.DagBag"}
{"timestamp":"2025-08-25T13:23:02.080689","level":"info","event":"Filling up the DagBag from /opt/airflow/dags/ELT.py","logger":"airflow.models.dagbag.DagBag"}
{"timestamp":"2025-08-25T13:23:32.488172","level":"info","event":"Filling up the DagBag from /opt/airflow/dags/ELT.py","logger":"airflow.models.dagbag.DagBag"}
{"timestamp":"2025-08-25T13:24:02.890914","level":"info","event":"Filling up the DagBag from /opt/airflow/dags/ELT.py","logger":"airflow.models.dagbag.DagBag"}
{"timestamp":"2025-08-25T13:24:33.286298","level":"info","event":"Filling up the DagBag from /opt/airflow/dags/ELT.py","logger":"airflow.models.dagbag.DagBag"}
{"timestamp":"2025-08-25T13:25:03.665159","level":"info","event":"Filling up the DagBag from /opt/airflow/dags/ELT.py","logger":"airflow.models.dagbag.DagBag"}
{"timestamp":"2025-08-25T13:25:34.053653","level":"info","event":"Filling up the DagBag from /opt/airflow/dags/ELT.py","logger":"airflow.models.dagbag.DagBag"}
{"timestamp":"2025-08-25T13:26:04.434883","level":"info","event":"Filling up the DagBag from /opt/airflow/dags/ELT.py","logger":"airflow.models.dagbag.DagBag"}
{"timestamp":"2025-08-25T13:26:34.839993","level":"info","event":"Filling up the DagBag from /opt/airflow/dags/ELT.py","logger":"airflow.models.dagbag.DagBag"}
{"timestamp":"2025-08-25T13:27:05.237155","level":"info","event":"Filling up the DagBag from /opt/airflow/dags/ELT.py","logger":"airflow.models.dagbag.DagBag"}
{"timestamp":"2025-08-25T13:27:35.647452","level":"info","event":"Filling up the DagBag from /opt/airflow/dags/ELT.py","logger":"airflow.models.dagbag.DagBag"}
{"timestamp":"2025-08-25T13:28:06.193690","level":"info","event":"Filling up the DagBag from /opt/airflow/dags/ELT.py","logger":"airflow.models.dagbag.DagBag"}
{"timestamp":"2025-08-25T13:28:36.862542","level":"info","event":"Filling up the DagBag from /opt/airflow/dags/ELT.py","logger":"airflow.models.dagbag.DagBag"}
{"timestamp":"2025-08-25T13:29:07.499446","level":"info","event":"Filling up the DagBag from /opt/airflow/dags/ELT.py","logger":"airflow.models.dagbag.DagBag"}
{"timestamp":"2025-08-25T13:29:38.635376","level":"info","event":"Filling up the DagBag from /opt/airflow/dags/ELT.py","logger":"airflow.models.dagbag.DagBag"}
{"timestamp":"2025-08-25T13:30:09.120083","level":"info","event":"Filling up the DagBag from /opt/airflow/dags/ELT.py","logger":"airflow.models.dagbag.DagBag"}
{"timestamp":"2025-08-25T13:30:39.546473","level":"info","event":"Filling up the DagBag from /opt/airflow/dags/ELT.py","logger":"airflow.models.dagbag.DagBag"}
{"timestamp":"2025-08-25T13:31:09.969459","level":"info","event":"Filling up the DagBag from /opt/airflow/dags/ELT.py","logger":"airflow.models.dagbag.DagBag"}
{"timestamp":"2025-08-25T13:31:40.471174","level":"info","event":"Filling up the DagBag from /opt/airflow/dags/ELT.py","logger":"airflow.models.dagbag.DagBag"}
{"timestamp":"2025-08-25T13:32:10.925729","level":"info","event":"Filling up the DagBag from /opt/airflow/dags/ELT.py","logger":"airflow.models.dagbag.DagBag"}
{"timestamp":"2025-08-25T13:32:41.152512","level":"info","event":"Filling up the DagBag from /opt/airflow/dags/ELT.py","logger":"airflow.models.dagbag.DagBag"}
{"timestamp":"2025-08-25T13:33:11.661301","level":"info","event":"Filling up the DagBag from /opt/airflow/dags/ELT.py","logger":"airflow.models.dagbag.DagBag"}
{"timestamp":"2025-08-25T13:33:42.059455","level":"info","event":"Filling up the DagBag from /opt/airflow/dags/ELT.py","logger":"airflow.models.dagbag.DagBag"}
{"timestamp":"2025-08-25T13:34:12.433220","level":"info","event":"Filling up the DagBag from /opt/airflow/dags/ELT.py","logger":"airflow.models.dagbag.DagBag"}
{"timestamp":"2025-08-25T13:34:42.979228","level":"info","event":"Filling up the DagBag from /opt/airflow/dags/ELT.py","logger":"airflow.models.dagbag.DagBag"}
{"timestamp":"2025-08-25T13:34:49.184029","level":"info","event":"Filling up the DagBag from /opt/airflow/dags/ELT.py","logger":"airflow.models.dagbag.DagBag"}
{"timestamp":"2025-08-25T13:34:49.477759","level":"info","event":"Filling up the DagBag from /opt/airflow/dags/ELT.py","logger":"airflow.models.dagbag.DagBag"}
{"timestamp":"2025-08-25T13:34:50.645830","level":"info","event":"Filling up the DagBag from /opt/airflow/dags/ELT.py","logger":"airflow.models.dagbag.DagBag"}
{"timestamp":"2025-08-25T13:35:22.062647","level":"info","event":"Filling up the DagBag from /opt/airflow/dags/ELT.py","logger":"airflow.models.dagbag.DagBag"}
{"timestamp":"2025-08-25T13:35:52.851379","level":"info","event":"Filling up the DagBag from /opt/airflow/dags/ELT.py","logger":"airflow.models.dagbag.DagBag"}
{"timestamp":"2025-08-25T13:36:24.172174","level":"info","event":"Filling up the DagBag from /opt/airflow/dags/ELT.py","logger":"airflow.models.dagbag.DagBag"}
{"timestamp":"2025-08-25T13:36:56.348227","level":"info","event":"Filling up the DagBag from /opt/airflow/dags/ELT.py","logger":"airflow.models.dagbag.DagBag"}
{"timestamp":"2025-08-25T13:37:26.962096","level":"info","event":"Filling up the DagBag from /opt/airflow/dags/ELT.py","logger":"airflow.models.dagbag.DagBag"}
{"timestamp":"2025-08-25T13:37:58.090857","level":"info","event":"Filling up the DagBag from /opt/airflow/dags/ELT.py","logger":"airflow.models.dagbag.DagBag"}
{"timestamp":"2025-08-25T13:38:29.694880","level":"info","event":"Filling up the DagBag from /opt/airflow/dags/ELT.py","logger":"airflow.models.dagbag.DagBag"}
{"timestamp":"2025-08-25T13:39:00.582052","level":"info","event":"Filling up the DagBag from /opt/airflow/dags/ELT.py","logger":"airflow.models.dagbag.DagBag"}
{"timestamp":"2025-08-25T13:39:34.415667","level":"info","event":"Filling up the DagBag from /opt/airflow/dags/ELT.py","logger":"airflow.models.dagbag.DagBag"}
{"timestamp":"2025-08-25T13:42:39.345746","level":"info","event":"Filling up the DagBag from /opt/airflow/dags/ELT.py","logger":"airflow.models.dagbag.DagBag"}
{"timestamp":"2025-08-25T13:43:22.318368","level":"info","event":"Filling up the DagBag from /opt/airflow/dags/ELT.py","logger":"airflow.models.dagbag.DagBag"}
{"timestamp":"2025-08-25T13:43:58.992737","level":"info","event":"Filling up the DagBag from /opt/airflow/dags/ELT.py","logger":"airflow.models.dagbag.DagBag"}
{"timestamp":"2025-08-25T13:44:32.287195","level":"info","event":"Filling up the DagBag from /opt/airflow/dags/ELT.py","logger":"airflow.models.dagbag.DagBag"}
{"timestamp":"2025-08-25T13:44:40.949989","level":"info","event":"Filling up the DagBag from /opt/airflow/dags/ELT.py","logger":"airflow.models.dagbag.DagBag"}
{"timestamp":"2025-08-25T13:44:41.301543","level":"info","event":"Filling up the DagBag from /opt/airflow/dags/ELT.py","logger":"airflow.models.dagbag.DagBag"}
{"timestamp":"2025-08-25T13:44:56.503927","level":"info","event":"Filling up the DagBag from /opt/airflow/dags/ELT.py","logger":"airflow.models.dagbag.DagBag"}
{"timestamp":"2025-08-25T13:45:01.760409","level":"info","event":"Filling up the DagBag from /opt/airflow/dags/ELT.py","logger":"airflow.models.dagbag.DagBag"}
{"timestamp":"2025-08-25T13:45:37.932065","level":"info","event":"Filling up the DagBag from /opt/airflow/dags/ELT.py","logger":"airflow.models.dagbag.DagBag"}
{"timestamp":"2025-08-25T13:46:09.542954","level":"info","event":"Filling up the DagBag from /opt/airflow/dags/ELT.py","logger":"airflow.models.dagbag.DagBag"}
{"timestamp":"2025-08-25T13:46:40.445124","level":"info","event":"Filling up the DagBag from /opt/airflow/dags/ELT.py","logger":"airflow.models.dagbag.DagBag"}
{"timestamp":"2025-08-25T13:47:11.813835","level":"info","event":"Filling up the DagBag from /opt/airflow/dags/ELT.py","logger":"airflow.models.dagbag.DagBag"}
{"timestamp":"2025-08-25T13:47:45.186716","level":"info","event":"Filling up the DagBag from /opt/airflow/dags/ELT.py","logger":"airflow.models.dagbag.DagBag"}
{"timestamp":"2025-08-25T13:48:20.930413","level":"info","event":"Filling up the DagBag from /opt/airflow/dags/ELT.py","logger":"airflow.models.dagbag.DagBag"}
{"timestamp":"2025-08-25T13:48:52.670430","level":"info","event":"Filling up the DagBag from /opt/airflow/dags/ELT.py","logger":"airflow.models.dagbag.DagBag"}
{"timestamp":"2025-08-25T13:49:23.441427","level":"info","event":"Filling up the DagBag from /opt/airflow/dags/ELT.py","logger":"airflow.models.dagbag.DagBag"}
{"timestamp":"2025-08-25T13:49:53.853253","level":"info","event":"Filling up the DagBag from /opt/airflow/dags/ELT.py","logger":"airflow.models.dagbag.DagBag"}
{"timestamp":"2025-08-25T13:50:24.282284","level":"info","event":"Filling up the DagBag from /opt/airflow/dags/ELT.py","logger":"airflow.models.dagbag.DagBag"}
{"timestamp":"2025-08-25T13:50:54.727631","level":"info","event":"Filling up the DagBag from /opt/airflow/dags/ELT.py","logger":"airflow.models.dagbag.DagBag"}
{"timestamp":"2025-08-25T13:51:25.161031","level":"info","event":"Filling up the DagBag from /opt/airflow/dags/ELT.py","logger":"airflow.models.dagbag.DagBag"}
{"timestamp":"2025-08-25T13:51:55.629597","level":"info","event":"Filling up the DagBag from /opt/airflow/dags/ELT.py","logger":"airflow.models.dagbag.DagBag"}
{"timestamp":"2025-08-25T13:52:26.254322","level":"info","event":"Filling up the DagBag from /opt/airflow/dags/ELT.py","logger":"airflow.models.dagbag.DagBag"}
{"timestamp":"2025-08-25T13:52:56.802001","level":"info","event":"Filling up the DagBag from /opt/airflow/dags/ELT.py","logger":"airflow.models.dagbag.DagBag"}
{"timestamp":"2025-08-25T13:53:27.316168","level":"info","event":"Filling up the DagBag from /opt/airflow/dags/ELT.py","logger":"airflow.models.dagbag.DagBag"}
{"timestamp":"2025-08-25T13:53:57.803218","level":"info","event":"Filling up the DagBag from /opt/airflow/dags/ELT.py","logger":"airflow.models.dagbag.DagBag"}
{"timestamp":"2025-08-25T13:54:28.238450","level":"info","event":"Filling up the DagBag from /opt/airflow/dags/ELT.py","logger":"airflow.models.dagbag.DagBag"}
{"timestamp":"2025-08-25T13:54:58.648107","level":"info","event":"Filling up the DagBag from /opt/airflow/dags/ELT.py","logger":"airflow.models.dagbag.DagBag"}
{"timestamp":"2025-08-25T13:55:29.293728","level":"info","event":"Filling up the DagBag from /opt/airflow/dags/ELT.py","logger":"airflow.models.dagbag.DagBag"}
{"timestamp":"2025-08-25T13:55:59.873918","level":"info","event":"Filling up the DagBag from /opt/airflow/dags/ELT.py","logger":"airflow.models.dagbag.DagBag"}
{"timestamp":"2025-08-25T13:56:30.282160","level":"info","event":"Filling up the DagBag from /opt/airflow/dags/ELT.py","logger":"airflow.models.dagbag.DagBag"}
{"timestamp":"2025-08-25T13:57:00.795609","level":"info","event":"Filling up the DagBag from /opt/airflow/dags/ELT.py","logger":"airflow.models.dagbag.DagBag"}
{"timestamp":"2025-08-25T13:57:31.296490","level":"info","event":"Filling up the DagBag from /opt/airflow/dags/ELT.py","logger":"airflow.models.dagbag.DagBag"}
{"timestamp":"2025-08-25T13:58:03.764703","level":"info","event":"Filling up the DagBag from /opt/airflow/dags/ELT.py","logger":"airflow.models.dagbag.DagBag"}
{"timestamp":"2025-08-25T13:58:34.828219","level":"info","event":"Filling up the DagBag from /opt/airflow/dags/ELT.py","logger":"airflow.models.dagbag.DagBag"}
{"timestamp":"2025-08-25T13:59:05.443565","level":"info","event":"Filling up the DagBag from /opt/airflow/dags/ELT.py","logger":"airflow.models.dagbag.DagBag"}
{"timestamp":"2025-08-25T13:59:40.150727","level":"info","event":"Filling up the DagBag from /opt/airflow/dags/ELT.py","logger":"airflow.models.dagbag.DagBag"}
{"timestamp":"2025-08-25T14:00:10.729244","level":"info","event":"Filling up the DagBag from /opt/airflow/dags/ELT.py","logger":"airflow.models.dagbag.DagBag"}
{"timestamp":"2025-08-25T14:00:41.235255","level":"info","event":"Filling up the DagBag from /opt/airflow/dags/ELT.py","logger":"airflow.models.dagbag.DagBag"}
{"timestamp":"2025-08-25T14:01:12.237499","level":"info","event":"Filling up the DagBag from /opt/airflow/dags/ELT.py","logger":"airflow.models.dagbag.DagBag"}
{"timestamp":"2025-08-25T14:01:43.052626","level":"info","event":"Filling up the DagBag from /opt/airflow/dags/ELT.py","logger":"airflow.models.dagbag.DagBag"}
{"timestamp":"2025-08-25T14:02:13.490412","level":"info","event":"Filling up the DagBag from /opt/airflow/dags/ELT.py","logger":"airflow.models.dagbag.DagBag"}
{"timestamp":"2025-08-25T14:02:44.159773","level":"info","event":"Filling up the DagBag from /opt/airflow/dags/ELT.py","logger":"airflow.models.dagbag.DagBag"}
{"timestamp":"2025-08-25T14:03:17.655530","level":"info","event":"Filling up the DagBag from /opt/airflow/dags/ELT.py","logger":"airflow.models.dagbag.DagBag"}
{"timestamp":"2025-08-25T14:03:53.644925","level":"info","event":"Filling up the DagBag from /opt/airflow/dags/ELT.py","logger":"airflow.models.dagbag.DagBag"}
{"timestamp":"2025-08-25T14:04:25.948644","level":"info","event":"Filling up the DagBag from /opt/airflow/dags/ELT.py","logger":"airflow.models.dagbag.DagBag"}
{"timestamp":"2025-08-25T14:04:56.607521","level":"info","event":"Filling up the DagBag from /opt/airflow/dags/ELT.py","logger":"airflow.models.dagbag.DagBag"}
{"timestamp":"2025-08-25T14:05:27.189644","level":"info","event":"Filling up the DagBag from /opt/airflow/dags/ELT.py","logger":"airflow.models.dagbag.DagBag"}
{"timestamp":"2025-08-25T14:05:57.601761","level":"info","event":"Filling up the DagBag from /opt/airflow/dags/ELT.py","logger":"airflow.models.dagbag.DagBag"}
{"timestamp":"2025-08-25T14:06:29.279865","level":"info","event":"Filling up the DagBag from /opt/airflow/dags/ELT.py","logger":"airflow.models.dagbag.DagBag"}
{"timestamp":"2025-08-25T14:07:04.416645","level":"info","event":"Filling up the DagBag from /opt/airflow/dags/ELT.py","logger":"airflow.models.dagbag.DagBag"}
{"timestamp":"2025-08-25T14:07:35.050489","level":"info","event":"Filling up the DagBag from /opt/airflow/dags/ELT.py","logger":"airflow.models.dagbag.DagBag"}
{"timestamp":"2025-08-25T14:08:05.489159","level":"info","event":"Filling up the DagBag from /opt/airflow/dags/ELT.py","logger":"airflow.models.dagbag.DagBag"}
{"timestamp":"2025-08-25T14:08:35.894386","level":"info","event":"Filling up the DagBag from /opt/airflow/dags/ELT.py","logger":"airflow.models.dagbag.DagBag"}
{"timestamp":"2025-08-25T14:09:06.414540","level":"info","event":"Filling up the DagBag from /opt/airflow/dags/ELT.py","logger":"airflow.models.dagbag.DagBag"}
{"timestamp":"2025-08-25T14:09:36.839822","level":"info","event":"Filling up the DagBag from /opt/airflow/dags/ELT.py","logger":"airflow.models.dagbag.DagBag"}
{"timestamp":"2025-08-25T14:10:07.316989","level":"info","event":"Filling up the DagBag from /opt/airflow/dags/ELT.py","logger":"airflow.models.dagbag.DagBag"}
{"timestamp":"2025-08-25T14:10:39.271954","level":"info","event":"Filling up the DagBag from /opt/airflow/dags/ELT.py","logger":"airflow.models.dagbag.DagBag"}
{"timestamp":"2025-08-25T14:11:09.956068","level":"info","event":"Filling up the DagBag from /opt/airflow/dags/ELT.py","logger":"airflow.models.dagbag.DagBag"}
{"timestamp":"2025-08-25T14:11:43.092617","level":"info","event":"Filling up the DagBag from /opt/airflow/dags/ELT.py","logger":"airflow.models.dagbag.DagBag"}
{"timestamp":"2025-08-25T14:12:14.179828","level":"info","event":"Filling up the DagBag from /opt/airflow/dags/ELT.py","logger":"airflow.models.dagbag.DagBag"}
{"timestamp":"2025-08-25T14:12:44.725027","level":"info","event":"Filling up the DagBag from /opt/airflow/dags/ELT.py","logger":"airflow.models.dagbag.DagBag"}
{"timestamp":"2025-08-25T14:13:15.172682","level":"info","event":"Filling up the DagBag from /opt/airflow/dags/ELT.py","logger":"airflow.models.dagbag.DagBag"}
{"timestamp":"2025-08-25T14:13:45.730869","level":"info","event":"Filling up the DagBag from /opt/airflow/dags/ELT.py","logger":"airflow.models.dagbag.DagBag"}
{"timestamp":"2025-08-25T14:14:16.172470","level":"info","event":"Filling up the DagBag from /opt/airflow/dags/ELT.py","logger":"airflow.models.dagbag.DagBag"}
{"timestamp":"2025-08-25T14:14:46.638303","level":"info","event":"Filling up the DagBag from /opt/airflow/dags/ELT.py","logger":"airflow.models.dagbag.DagBag"}
{"timestamp":"2025-08-25T14:15:17.117785","level":"info","event":"Filling up the DagBag from /opt/airflow/dags/ELT.py","logger":"airflow.models.dagbag.DagBag"}
{"timestamp":"2025-08-25T14:15:47.744668","level":"info","event":"Filling up the DagBag from /opt/airflow/dags/ELT.py","logger":"airflow.models.dagbag.DagBag"}
{"timestamp":"2025-08-25T14:16:18.580236","level":"info","event":"Filling up the DagBag from /opt/airflow/dags/ELT.py","logger":"airflow.models.dagbag.DagBag"}
{"timestamp":"2025-08-25T14:16:49.159022","level":"info","event":"Filling up the DagBag from /opt/airflow/dags/ELT.py","logger":"airflow.models.dagbag.DagBag"}
{"timestamp":"2025-08-25T14:17:19.622653","level":"info","event":"Filling up the DagBag from /opt/airflow/dags/ELT.py","logger":"airflow.models.dagbag.DagBag"}
{"timestamp":"2025-08-25T14:17:52.570688","level":"info","event":"Filling up the DagBag from /opt/airflow/dags/ELT.py","logger":"airflow.models.dagbag.DagBag"}
{"timestamp":"2025-08-25T14:18:25.497691","level":"info","event":"Filling up the DagBag from /opt/airflow/dags/ELT.py","logger":"airflow.models.dagbag.DagBag"}
{"timestamp":"2025-08-25T14:18:56.034894","level":"info","event":"Filling up the DagBag from /opt/airflow/dags/ELT.py","logger":"airflow.models.dagbag.DagBag"}
{"timestamp":"2025-08-25T14:19:26.551473","level":"info","event":"Filling up the DagBag from /opt/airflow/dags/ELT.py","logger":"airflow.models.dagbag.DagBag"}
{"timestamp":"2025-08-25T14:19:56.987110","level":"info","event":"Filling up the DagBag from /opt/airflow/dags/ELT.py","logger":"airflow.models.dagbag.DagBag"}
{"timestamp":"2025-08-25T14:20:33.157989","level":"info","event":"Filling up the DagBag from /opt/airflow/dags/ELT.py","logger":"airflow.models.dagbag.DagBag"}
{"timestamp":"2025-08-25T14:21:04.609234","level":"info","event":"Filling up the DagBag from /opt/airflow/dags/ELT.py","logger":"airflow.models.dagbag.DagBag"}
{"timestamp":"2025-08-25T14:21:35.232934","level":"info","event":"Filling up the DagBag from /opt/airflow/dags/ELT.py","logger":"airflow.models.dagbag.DagBag"}
{"timestamp":"2025-08-25T14:22:05.698444","level":"info","event":"Filling up the DagBag from /opt/airflow/dags/ELT.py","logger":"airflow.models.dagbag.DagBag"}
{"timestamp":"2025-08-25T14:22:36.184154","level":"info","event":"Filling up the DagBag from /opt/airflow/dags/ELT.py","logger":"airflow.models.dagbag.DagBag"}
{"timestamp":"2025-08-25T14:23:06.696541","level":"info","event":"Filling up the DagBag from /opt/airflow/dags/ELT.py","logger":"airflow.models.dagbag.DagBag"}
{"timestamp":"2025-08-25T14:23:37.159930","level":"info","event":"Filling up the DagBag from /opt/airflow/dags/ELT.py","logger":"airflow.models.dagbag.DagBag"}
{"timestamp":"2025-08-25T14:24:07.604002","level":"info","event":"Filling up the DagBag from /opt/airflow/dags/ELT.py","logger":"airflow.models.dagbag.DagBag"}
{"timestamp":"2025-08-25T14:24:37.999130","level":"info","event":"Filling up the DagBag from /opt/airflow/dags/ELT.py","logger":"airflow.models.dagbag.DagBag"}
{"timestamp":"2025-08-25T14:25:08.457884","level":"info","event":"Filling up the DagBag from /opt/airflow/dags/ELT.py","logger":"airflow.models.dagbag.DagBag"}
{"timestamp":"2025-08-25T14:25:38.935504","level":"info","event":"Filling up the DagBag from /opt/airflow/dags/ELT.py","logger":"airflow.models.dagbag.DagBag"}
{"timestamp":"2025-08-25T14:26:09.616794","level":"info","event":"Filling up the DagBag from /opt/airflow/dags/ELT.py","logger":"airflow.models.dagbag.DagBag"}
{"timestamp":"2025-08-25T14:26:40.539557","level":"info","event":"Filling up the DagBag from /opt/airflow/dags/ELT.py","logger":"airflow.models.dagbag.DagBag"}
{"timestamp":"2025-08-25T14:27:12.379898","level":"info","event":"Filling up the DagBag from /opt/airflow/dags/ELT.py","logger":"airflow.models.dagbag.DagBag"}
{"timestamp":"2025-08-25T14:27:46.560153","level":"info","event":"Filling up the DagBag from /opt/airflow/dags/ELT.py","logger":"airflow.models.dagbag.DagBag"}
{"timestamp":"2025-08-25T14:28:18.482871","level":"info","event":"Filling up the DagBag from /opt/airflow/dags/ELT.py","logger":"airflow.models.dagbag.DagBag"}
{"timestamp":"2025-08-25T14:28:20.092682","level":"info","event":"Filling up the DagBag from /opt/airflow/dags/ELT.py","logger":"airflow.models.dagbag.DagBag"}
{"timestamp":"2025-08-25T14:28:22.268452","level":"info","event":"Filling up the DagBag from /opt/airflow/dags/ELT.py","logger":"airflow.models.dagbag.DagBag"}
{"timestamp":"2025-08-25T14:28:56.028478","level":"info","event":"Filling up the DagBag from /opt/airflow/dags/ELT.py","logger":"airflow.models.dagbag.DagBag"}
{"timestamp":"2025-08-25T14:29:30.834122","level":"info","event":"Filling up the DagBag from /opt/airflow/dags/ELT.py","logger":"airflow.models.dagbag.DagBag"}
{"timestamp":"2025-08-25T14:30:04.612114","level":"info","event":"Filling up the DagBag from /opt/airflow/dags/ELT.py","logger":"airflow.models.dagbag.DagBag"}
{"timestamp":"2025-08-25T14:30:35.680839","level":"info","event":"Filling up the DagBag from /opt/airflow/dags/ELT.py","logger":"airflow.models.dagbag.DagBag"}
{"timestamp":"2025-08-25T14:31:08.802617","level":"info","event":"Filling up the DagBag from /opt/airflow/dags/ELT.py","logger":"airflow.models.dagbag.DagBag"}
{"timestamp":"2025-08-25T14:31:41.408327","level":"info","event":"Filling up the DagBag from /opt/airflow/dags/ELT.py","logger":"airflow.models.dagbag.DagBag"}
{"timestamp":"2025-08-25T14:31:52.553601","level":"info","event":"Filling up the DagBag from /opt/airflow/dags/ELT.py","logger":"airflow.models.dagbag.DagBag"}
{"timestamp":"2025-08-25T14:32:24.250559","level":"info","event":"Filling up the DagBag from /opt/airflow/dags/ELT.py","logger":"airflow.models.dagbag.DagBag"}
{"timestamp":"2025-08-25T14:32:56.430252","level":"info","event":"Filling up the DagBag from /opt/airflow/dags/ELT.py","logger":"airflow.models.dagbag.DagBag"}
{"timestamp":"2025-08-25T14:33:29.232948","level":"info","event":"Filling up the DagBag from /opt/airflow/dags/ELT.py","logger":"airflow.models.dagbag.DagBag"}
{"timestamp":"2025-08-25T14:33:59.874624","level":"info","event":"Filling up the DagBag from /opt/airflow/dags/ELT.py","logger":"airflow.models.dagbag.DagBag"}
{"timestamp":"2025-08-25T14:34:31.594101","level":"info","event":"Filling up the DagBag from /opt/airflow/dags/ELT.py","logger":"airflow.models.dagbag.DagBag"}
{"timestamp":"2025-08-25T14:35:03.858227","level":"info","event":"Filling up the DagBag from /opt/airflow/dags/ELT.py","logger":"airflow.models.dagbag.DagBag"}
{"timestamp":"2025-08-25T14:35:34.976574","level":"info","event":"Filling up the DagBag from /opt/airflow/dags/ELT.py","logger":"airflow.models.dagbag.DagBag"}
{"timestamp":"2025-08-25T14:36:05.388647","level":"info","event":"Filling up the DagBag from /opt/airflow/dags/ELT.py","logger":"airflow.models.dagbag.DagBag"}
{"timestamp":"2025-08-25T14:36:35.843908","level":"info","event":"Filling up the DagBag from /opt/airflow/dags/ELT.py","logger":"airflow.models.dagbag.DagBag"}
{"timestamp":"2025-08-25T14:37:06.253339","level":"info","event":"Filling up the DagBag from /opt/airflow/dags/ELT.py","logger":"airflow.models.dagbag.DagBag"}
{"timestamp":"2025-08-25T14:37:36.646539","level":"info","event":"Filling up the DagBag from /opt/airflow/dags/ELT.py","logger":"airflow.models.dagbag.DagBag"}
{"timestamp":"2025-08-25T14:38:07.169548","level":"info","event":"Filling up the DagBag from /opt/airflow/dags/ELT.py","logger":"airflow.models.dagbag.DagBag"}
{"timestamp":"2025-08-25T14:38:10.392125","level":"info","event":"Filling up the DagBag from /opt/airflow/dags/ELT.py","logger":"airflow.models.dagbag.DagBag"}
{"timestamp":"2025-08-25T14:38:11.821864","level":"info","event":"Filling up the DagBag from /opt/airflow/dags/ELT.py","logger":"airflow.models.dagbag.DagBag"}
{"timestamp":"2025-08-25T14:38:12.980137","level":"info","event":"Filling up the DagBag from /opt/airflow/dags/ELT.py","logger":"airflow.models.dagbag.DagBag"}
{"timestamp":"2025-08-25T14:38:43.855195","level":"info","event":"Filling up the DagBag from /opt/airflow/dags/ELT.py","logger":"airflow.models.dagbag.DagBag"}
{"timestamp":"2025-08-25T14:39:27.696656","level":"info","event":"Filling up the DagBag from /opt/airflow/dags/ELT.py","logger":"airflow.models.dagbag.DagBag"}
{"timestamp":"2025-08-25T14:40:00.373905","level":"info","event":"Filling up the DagBag from /opt/airflow/dags/ELT.py","logger":"airflow.models.dagbag.DagBag"}
{"timestamp":"2025-08-25T14:40:32.535337","level":"info","event":"Filling up the DagBag from /opt/airflow/dags/ELT.py","logger":"airflow.models.dagbag.DagBag"}
{"timestamp":"2025-08-25T14:41:03.761175","level":"info","event":"Filling up the DagBag from /opt/airflow/dags/ELT.py","logger":"airflow.models.dagbag.DagBag"}
{"timestamp":"2025-08-25T14:41:34.564319","level":"info","event":"Filling up the DagBag from /opt/airflow/dags/ELT.py","logger":"airflow.models.dagbag.DagBag"}
{"timestamp":"2025-08-25T14:42:05.107348","level":"info","event":"Filling up the DagBag from /opt/airflow/dags/ELT.py","logger":"airflow.models.dagbag.DagBag"}
{"timestamp":"2025-08-25T14:42:35.634577","level":"info","event":"Filling up the DagBag from /opt/airflow/dags/ELT.py","logger":"airflow.models.dagbag.DagBag"}
{"timestamp":"2025-08-25T14:43:06.049292","level":"info","event":"Filling up the DagBag from /opt/airflow/dags/ELT.py","logger":"airflow.models.dagbag.DagBag"}
{"timestamp":"2025-08-25T14:43:36.610038","level":"info","event":"Filling up the DagBag from /opt/airflow/dags/ELT.py","logger":"airflow.models.dagbag.DagBag"}
{"timestamp":"2025-08-25T14:44:07.405002","level":"info","event":"Filling up the DagBag from /opt/airflow/dags/ELT.py","logger":"airflow.models.dagbag.DagBag"}
{"timestamp":"2025-08-25T14:44:38.697274","level":"info","event":"Filling up the DagBag from /opt/airflow/dags/ELT.py","logger":"airflow.models.dagbag.DagBag"}
{"timestamp":"2025-08-25T14:45:10.342846","level":"info","event":"Filling up the DagBag from /opt/airflow/dags/ELT.py","logger":"airflow.models.dagbag.DagBag"}
{"timestamp":"2025-08-25T14:45:41.097432","level":"info","event":"Filling up the DagBag from /opt/airflow/dags/ELT.py","logger":"airflow.models.dagbag.DagBag"}
{"timestamp":"2025-08-25T14:46:12.946280","level":"info","event":"Filling up the DagBag from /opt/airflow/dags/ELT.py","logger":"airflow.models.dagbag.DagBag"}
{"timestamp":"2025-08-25T14:46:44.739193","level":"info","event":"Filling up the DagBag from /opt/airflow/dags/ELT.py","logger":"airflow.models.dagbag.DagBag"}
{"timestamp":"2025-08-25T14:47:16.250955","level":"info","event":"Filling up the DagBag from /opt/airflow/dags/ELT.py","logger":"airflow.models.dagbag.DagBag"}
{"timestamp":"2025-08-25T14:47:48.537521","level":"info","event":"Filling up the DagBag from /opt/airflow/dags/ELT.py","logger":"airflow.models.dagbag.DagBag"}
{"timestamp":"2025-08-25T14:48:22.392285","level":"info","event":"Filling up the DagBag from /opt/airflow/dags/ELT.py","logger":"airflow.models.dagbag.DagBag"}
{"timestamp":"2025-08-25T14:48:54.973913","level":"info","event":"Filling up the DagBag from /opt/airflow/dags/ELT.py","logger":"airflow.models.dagbag.DagBag"}
{"timestamp":"2025-08-25T14:49:26.979511","level":"info","event":"Filling up the DagBag from /opt/airflow/dags/ELT.py","logger":"airflow.models.dagbag.DagBag"}
{"timestamp":"2025-08-25T14:49:28.436804","level":"info","event":"Filling up the DagBag from /opt/airflow/dags/ELT.py","logger":"airflow.models.dagbag.DagBag"}
{"timestamp":"2025-08-25T14:50:04.842581","level":"info","event":"Filling up the DagBag from /opt/airflow/dags/ELT.py","logger":"airflow.models.dagbag.DagBag"}
{"timestamp":"2025-08-25T14:50:42.082031","level":"info","event":"Filling up the DagBag from /opt/airflow/dags/ELT.py","logger":"airflow.models.dagbag.DagBag"}
{"timestamp":"2025-08-25T14:51:18.594067","level":"info","event":"Filling up the DagBag from /opt/airflow/dags/ELT.py","logger":"airflow.models.dagbag.DagBag"}
{"timestamp":"2025-08-25T14:51:53.710881","level":"info","event":"Filling up the DagBag from /opt/airflow/dags/ELT.py","logger":"airflow.models.dagbag.DagBag"}
{"timestamp":"2025-08-25T14:52:25.713116","level":"info","event":"Filling up the DagBag from /opt/airflow/dags/ELT.py","logger":"airflow.models.dagbag.DagBag"}
{"timestamp":"2025-08-25T14:52:56.650674","level":"info","event":"Filling up the DagBag from /opt/airflow/dags/ELT.py","logger":"airflow.models.dagbag.DagBag"}
{"timestamp":"2025-08-25T14:53:27.109468","level":"info","event":"Filling up the DagBag from /opt/airflow/dags/ELT.py","logger":"airflow.models.dagbag.DagBag"}
{"timestamp":"2025-08-25T14:53:57.794195","level":"info","event":"Filling up the DagBag from /opt/airflow/dags/ELT.py","logger":"airflow.models.dagbag.DagBag"}
{"timestamp":"2025-08-25T14:54:29.027039","level":"info","event":"Filling up the DagBag from /opt/airflow/dags/ELT.py","logger":"airflow.models.dagbag.DagBag"}
{"timestamp":"2025-08-25T14:54:44.523078","level":"info","event":"Filling up the DagBag from /opt/airflow/dags/ELT.py","logger":"airflow.models.dagbag.DagBag"}
{"timestamp":"2025-08-25T14:54:46.886226","level":"info","event":"Filling up the DagBag from /opt/airflow/dags/ELT.py","logger":"airflow.models.dagbag.DagBag"}
{"timestamp":"2025-08-25T14:54:47.764788","level":"info","event":"Filling up the DagBag from /opt/airflow/dags/ELT.py","logger":"airflow.models.dagbag.DagBag"}
{"timestamp":"2025-08-25T14:55:20.559844","level":"info","event":"Filling up the DagBag from /opt/airflow/dags/ELT.py","logger":"airflow.models.dagbag.DagBag"}
{"timestamp":"2025-08-25T14:55:53.061744","level":"info","event":"Filling up the DagBag from /opt/airflow/dags/ELT.py","logger":"airflow.models.dagbag.DagBag"}
{"timestamp":"2025-08-25T14:56:25.170542","level":"info","event":"Filling up the DagBag from /opt/airflow/dags/ELT.py","logger":"airflow.models.dagbag.DagBag"}
{"timestamp":"2025-08-25T14:56:57.918592","level":"info","event":"Filling up the DagBag from /opt/airflow/dags/ELT.py","logger":"airflow.models.dagbag.DagBag"}
{"timestamp":"2025-08-25T14:57:32.962615","level":"info","event":"Filling up the DagBag from /opt/airflow/dags/ELT.py","logger":"airflow.models.dagbag.DagBag"}
{"timestamp":"2025-08-25T14:58:07.974210","level":"info","event":"Filling up the DagBag from /opt/airflow/dags/ELT.py","logger":"airflow.models.dagbag.DagBag"}
{"timestamp":"2025-08-25T14:58:38.849914","level":"info","event":"Filling up the DagBag from /opt/airflow/dags/ELT.py","logger":"airflow.models.dagbag.DagBag"}
{"timestamp":"2025-08-25T14:59:09.417123","level":"info","event":"Filling up the DagBag from /opt/airflow/dags/ELT.py","logger":"airflow.models.dagbag.DagBag"}
{"timestamp":"2025-08-25T14:59:40.652097","level":"info","event":"Filling up the DagBag from /opt/airflow/dags/ELT.py","logger":"airflow.models.dagbag.DagBag"}
{"timestamp":"2025-08-25T15:00:11.351227","level":"info","event":"Filling up the DagBag from /opt/airflow/dags/ELT.py","logger":"airflow.models.dagbag.DagBag"}
{"timestamp":"2025-08-25T15:00:41.955392","level":"info","event":"Filling up the DagBag from /opt/airflow/dags/ELT.py","logger":"airflow.models.dagbag.DagBag"}
{"timestamp":"2025-08-25T15:01:12.483667","level":"info","event":"Filling up the DagBag from /opt/airflow/dags/ELT.py","logger":"airflow.models.dagbag.DagBag"}
{"timestamp":"2025-08-25T15:01:43.219053","level":"info","event":"Filling up the DagBag from /opt/airflow/dags/ELT.py","logger":"airflow.models.dagbag.DagBag"}
{"timestamp":"2025-08-25T15:02:14.186080","level":"info","event":"Filling up the DagBag from /opt/airflow/dags/ELT.py","logger":"airflow.models.dagbag.DagBag"}
{"timestamp":"2025-08-25T15:02:45.246347","level":"info","event":"Filling up the DagBag from /opt/airflow/dags/ELT.py","logger":"airflow.models.dagbag.DagBag"}
{"timestamp":"2025-08-25T15:03:16.028344","level":"info","event":"Filling up the DagBag from /opt/airflow/dags/ELT.py","logger":"airflow.models.dagbag.DagBag"}
{"timestamp":"2025-08-25T15:03:48.636279","level":"info","event":"Filling up the DagBag from /opt/airflow/dags/ELT.py","logger":"airflow.models.dagbag.DagBag"}
{"timestamp":"2025-08-25T15:04:20.578451","level":"info","event":"Filling up the DagBag from /opt/airflow/dags/ELT.py","logger":"airflow.models.dagbag.DagBag"}
{"timestamp":"2025-08-25T15:04:57.375466","level":"info","event":"Filling up the DagBag from /opt/airflow/dags/ELT.py","logger":"airflow.models.dagbag.DagBag"}
{"timestamp":"2025-08-25T15:05:28.614551","level":"info","event":"Filling up the DagBag from /opt/airflow/dags/ELT.py","logger":"airflow.models.dagbag.DagBag"}
{"timestamp":"2025-08-25T15:05:45.835094","level":"info","event":"Filling up the DagBag from /opt/airflow/dags/ELT.py","logger":"airflow.models.dagbag.DagBag"}
{"timestamp":"2025-08-25T15:06:19.880394","level":"info","event":"Filling up the DagBag from /opt/airflow/dags/ELT.py","logger":"airflow.models.dagbag.DagBag"}
{"timestamp":"2025-08-25T15:07:04.252177","level":"info","event":"Filling up the DagBag from /opt/airflow/dags/ELT.py","logger":"airflow.models.dagbag.DagBag"}
{"timestamp":"2025-08-25T15:07:37.352983","level":"info","event":"Filling up the DagBag from /opt/airflow/dags/ELT.py","logger":"airflow.models.dagbag.DagBag"}
{"timestamp":"2025-08-25T15:08:01.956247","level":"info","event":"Filling up the DagBag from /opt/airflow/dags/ELT.py","logger":"airflow.models.dagbag.DagBag"}
{"timestamp":"2025-08-25T15:08:06.996024","level":"info","event":"Filling up the DagBag from /opt/airflow/dags/ELT.py","logger":"airflow.models.dagbag.DagBag"}
{"timestamp":"2025-08-25T15:08:07.738755","level":"info","event":"Filling up the DagBag from /opt/airflow/dags/ELT.py","logger":"airflow.models.dagbag.DagBag"}
{"timestamp":"2025-08-25T15:08:42.833396","level":"info","event":"Filling up the DagBag from /opt/airflow/dags/ELT.py","logger":"airflow.models.dagbag.DagBag"}
{"timestamp":"2025-08-25T15:09:16.188319","level":"info","event":"Filling up the DagBag from /opt/airflow/dags/ELT.py","logger":"airflow.models.dagbag.DagBag"}
{"timestamp":"2025-08-25T15:09:49.102381","level":"info","event":"Filling up the DagBag from /opt/airflow/dags/ELT.py","logger":"airflow.models.dagbag.DagBag"}
{"timestamp":"2025-08-25T15:10:22.121838","level":"info","event":"Filling up the DagBag from /opt/airflow/dags/ELT.py","logger":"airflow.models.dagbag.DagBag"}
{"timestamp":"2025-08-25T15:10:57.684446","level":"info","event":"Filling up the DagBag from /opt/airflow/dags/ELT.py","logger":"airflow.models.dagbag.DagBag"}
{"timestamp":"2025-08-25T15:11:28.604344","level":"info","event":"Filling up the DagBag from /opt/airflow/dags/ELT.py","logger":"airflow.models.dagbag.DagBag"}
{"timestamp":"2025-08-25T15:12:00.011292","level":"info","event":"Filling up the DagBag from /opt/airflow/dags/ELT.py","logger":"airflow.models.dagbag.DagBag"}
{"timestamp":"2025-08-25T15:12:32.921661","level":"info","event":"Filling up the DagBag from /opt/airflow/dags/ELT.py","logger":"airflow.models.dagbag.DagBag"}
{"timestamp":"2025-08-25T15:13:03.998453","level":"info","event":"Filling up the DagBag from /opt/airflow/dags/ELT.py","logger":"airflow.models.dagbag.DagBag"}
{"timestamp":"2025-08-25T15:13:34.536068","level":"info","event":"Filling up the DagBag from /opt/airflow/dags/ELT.py","logger":"airflow.models.dagbag.DagBag"}
{"timestamp":"2025-08-25T15:14:04.985218","level":"info","event":"Filling up the DagBag from /opt/airflow/dags/ELT.py","logger":"airflow.models.dagbag.DagBag"}
{"timestamp":"2025-08-25T15:14:35.611918","level":"info","event":"Filling up the DagBag from /opt/airflow/dags/ELT.py","logger":"airflow.models.dagbag.DagBag"}
{"timestamp":"2025-08-25T15:15:06.293870","level":"info","event":"Filling up the DagBag from /opt/airflow/dags/ELT.py","logger":"airflow.models.dagbag.DagBag"}
{"timestamp":"2025-08-25T15:15:36.747905","level":"info","event":"Filling up the DagBag from /opt/airflow/dags/ELT.py","logger":"airflow.models.dagbag.DagBag"}
{"timestamp":"2025-08-25T15:16:07.253008","level":"info","event":"Filling up the DagBag from /opt/airflow/dags/ELT.py","logger":"airflow.models.dagbag.DagBag"}
{"timestamp":"2025-08-25T15:16:37.775346","level":"info","event":"Filling up the DagBag from /opt/airflow/dags/ELT.py","logger":"airflow.models.dagbag.DagBag"}
{"timestamp":"2025-08-25T15:17:08.305427","level":"info","event":"Filling up the DagBag from /opt/airflow/dags/ELT.py","logger":"airflow.models.dagbag.DagBag"}
