{"timestamp":"2025-08-18T20:34:58.978579","level":"info","event":"Filling up the DagBag from /opt/airflow/dags/ELT.py","logger":"airflow.models.dagbag.DagBag"}
{"timestamp":"2025-08-18T20:36:05.031293","level":"info","event":"Filling up the DagBag from /opt/airflow/dags/ELT.py","logger":"airflow.models.dagbag.DagBag"}
{"timestamp":"2025-08-18T20:37:28.228186","level":"info","event":"Filling up the DagBag from /opt/airflow/dags/ELT.py","logger":"airflow.models.dagbag.DagBag"}
{"timestamp":"2025-08-18T20:38:57.347676","level":"info","event":"Filling up the DagBag from /opt/airflow/dags/ELT.py","logger":"airflow.models.dagbag.DagBag"}
{"timestamp":"2025-08-18T20:40:21.766835","level":"info","event":"Filling up the DagBag from /opt/airflow/dags/ELT.py","logger":"airflow.models.dagbag.DagBag"}
{"timestamp":"2025-08-18T20:40:56.720429","level":"error","event":"Process timed out, PID: 110","logger":"airflow.utils.timeout.TimeoutPosix"}
{"timestamp":"2025-08-18T20:40:56.783185Z","level":"error","event":"Exception ignored in: <function _collection_gced at 0x7f9144cb4fe0>","chan":"stderr","logger":"processor"}
{"timestamp":"2025-08-18T20:40:56.784456Z","level":"error","event":"Traceback (most recent call last):","chan":"stderr","logger":"processor"}
{"timestamp":"2025-08-18T20:40:56.785866Z","level":"error","event":"  File \"/home/airflow/.local/lib/python3.12/site-packages/sqlalchemy/event/registry.py\", line 53, in _collection_gced","chan":"stderr","logger":"processor"}
{"timestamp":"2025-08-18T20:40:56.786981Z","level":"error","event":"    def _collection_gced(ref):","chan":"stderr","logger":"processor"}
{"timestamp":"2025-08-18T20:40:56.787873Z","level":"error","event":"","chan":"stderr","logger":"processor"}
{"timestamp":"2025-08-18T20:40:56.788848Z","level":"error","event":"  File \"/home/airflow/.local/lib/python3.12/site-packages/airflow/utils/timeout.py\", line 69, in handle_timeout","chan":"stderr","logger":"processor"}
{"timestamp":"2025-08-18T20:40:56.789837Z","level":"error","event":"    raise AirflowTaskTimeout(self.error_message)","chan":"stderr","logger":"processor"}
{"timestamp":"2025-08-18T20:40:56.790770Z","level":"error","event":"airflow.exceptions.AirflowTaskTimeout: DagBag import timeout for /opt/airflow/dags/ELT.py after 30.0s.","chan":"stderr","logger":"processor"}
{"timestamp":"2025-08-18T20:40:56.791804Z","level":"error","event":"Please take a look at these docs to improve your DAG import time:","chan":"stderr","logger":"processor"}
{"timestamp":"2025-08-18T20:40:56.792644Z","level":"error","event":"* https://airflow.apache.org/docs/apache-airflow/3.0.4/best-practices.html#top-level-python-code","chan":"stderr","logger":"processor"}
{"timestamp":"2025-08-18T20:40:56.794448Z","level":"error","event":"* https://airflow.apache.org/docs/apache-airflow/3.0.4/best-practices.html#reducing-dag-complexity, PID: 110","chan":"stderr","logger":"processor"}
{"timestamp":"2025-08-18T20:41:28.937266","level":"info","event":"Filling up the DagBag from /opt/airflow/dags/ELT.py","logger":"airflow.models.dagbag.DagBag"}
{"timestamp":"2025-08-18T20:42:08.275162","level":"info","event":"Filling up the DagBag from /opt/airflow/dags/ELT.py","logger":"airflow.models.dagbag.DagBag"}
{"timestamp":"2025-08-18T20:42:29.084403","level":"info","event":"Filling up the DagBag from /opt/airflow/dags/ELT.py","logger":"airflow.models.dagbag.DagBag"}
{"timestamp":"2025-08-18T20:43:16.404145","level":"info","event":"Filling up the DagBag from /opt/airflow/dags/ELT.py","logger":"airflow.models.dagbag.DagBag"}
{"timestamp":"2025-08-18T20:43:54.371754","level":"info","event":"Filling up the DagBag from /opt/airflow/dags/ELT.py","logger":"airflow.models.dagbag.DagBag"}
{"timestamp":"2025-08-18T20:44:27.767754","level":"info","event":"Filling up the DagBag from /opt/airflow/dags/ELT.py","logger":"airflow.models.dagbag.DagBag"}
{"timestamp":"2025-08-18T20:45:23.409718","level":"info","event":"Filling up the DagBag from /opt/airflow/dags/ELT.py","logger":"airflow.models.dagbag.DagBag"}
{"timestamp":"2025-08-18T20:45:54.646843","level":"error","event":"Process timed out, PID: 201","logger":"airflow.utils.timeout.TimeoutPosix"}
{"timestamp":"2025-08-18T20:45:54.670593Z","level":"error","event":"Exception ignored in: <function _collection_gced at 0x7f9144cb4fe0>","chan":"stderr","logger":"processor"}
{"timestamp":"2025-08-18T20:45:54.672383Z","level":"error","event":"Traceback (most recent call last):","chan":"stderr","logger":"processor"}
{"timestamp":"2025-08-18T20:45:54.676114Z","level":"error","event":"  File \"/home/airflow/.local/lib/python3.12/site-packages/sqlalchemy/event/registry.py\", line 53, in _collection_gced","chan":"stderr","logger":"processor"}
{"timestamp":"2025-08-18T20:45:54.676941Z","level":"error","event":"    def _collection_gced(ref):","chan":"stderr","logger":"processor"}
{"timestamp":"2025-08-18T20:45:54.677724Z","level":"error","event":"","chan":"stderr","logger":"processor"}
{"timestamp":"2025-08-18T20:45:54.678481Z","level":"error","event":"  File \"/home/airflow/.local/lib/python3.12/site-packages/airflow/utils/timeout.py\", line 69, in handle_timeout","chan":"stderr","logger":"processor"}
{"timestamp":"2025-08-18T20:45:54.679470Z","level":"error","event":"    raise AirflowTaskTimeout(self.error_message)","chan":"stderr","logger":"processor"}
{"timestamp":"2025-08-18T20:45:54.680171Z","level":"error","event":"airflow.exceptions.AirflowTaskTimeout: DagBag import timeout for /opt/airflow/dags/ELT.py after 30.0s.","chan":"stderr","logger":"processor"}
{"timestamp":"2025-08-18T20:45:54.680875Z","level":"error","event":"Please take a look at these docs to improve your DAG import time:","chan":"stderr","logger":"processor"}
{"timestamp":"2025-08-18T20:45:54.681568Z","level":"error","event":"* https://airflow.apache.org/docs/apache-airflow/3.0.4/best-practices.html#top-level-python-code","chan":"stderr","logger":"processor"}
{"timestamp":"2025-08-18T20:45:54.682323Z","level":"error","event":"* https://airflow.apache.org/docs/apache-airflow/3.0.4/best-practices.html#reducing-dag-complexity, PID: 201","chan":"stderr","logger":"processor"}
{"timestamp":"2025-08-18T20:46:25.895884","level":"info","event":"Filling up the DagBag from /opt/airflow/dags/ELT.py","logger":"airflow.models.dagbag.DagBag"}
{"timestamp":"2025-08-18T20:47:00.876851","level":"info","event":"Filling up the DagBag from /opt/airflow/dags/ELT.py","logger":"airflow.models.dagbag.DagBag"}
{"timestamp":"2025-08-18T20:47:45.065741","level":"info","event":"Filling up the DagBag from /opt/airflow/dags/ELT.py","logger":"airflow.models.dagbag.DagBag"}
{"timestamp":"2025-08-18T20:48:19.594419","level":"info","event":"Filling up the DagBag from /opt/airflow/dags/ELT.py","logger":"airflow.models.dagbag.DagBag"}
{"timestamp":"2025-08-18T20:48:51.461956","level":"info","event":"Filling up the DagBag from /opt/airflow/dags/ELT.py","logger":"airflow.models.dagbag.DagBag"}
{"timestamp":"2025-08-18T20:49:23.843980","level":"info","event":"Filling up the DagBag from /opt/airflow/dags/ELT.py","logger":"airflow.models.dagbag.DagBag"}
{"timestamp":"2025-08-18T20:49:56.483715","level":"info","event":"Filling up the DagBag from /opt/airflow/dags/ELT.py","logger":"airflow.models.dagbag.DagBag"}
{"timestamp":"2025-08-18T20:50:27.881223","level":"info","event":"Filling up the DagBag from /opt/airflow/dags/ELT.py","logger":"airflow.models.dagbag.DagBag"}
{"timestamp":"2025-08-18T20:51:00.036230","level":"info","event":"Filling up the DagBag from /opt/airflow/dags/ELT.py","logger":"airflow.models.dagbag.DagBag"}
{"timestamp":"2025-08-18T20:51:32.970305","level":"info","event":"Filling up the DagBag from /opt/airflow/dags/ELT.py","logger":"airflow.models.dagbag.DagBag"}
{"timestamp":"2025-08-18T20:52:04.740911","level":"info","event":"Filling up the DagBag from /opt/airflow/dags/ELT.py","logger":"airflow.models.dagbag.DagBag"}
{"timestamp":"2025-08-18T20:52:37.243638","level":"info","event":"Filling up the DagBag from /opt/airflow/dags/ELT.py","logger":"airflow.models.dagbag.DagBag"}
{"timestamp":"2025-08-18T20:53:12.059481","level":"info","event":"Filling up the DagBag from /opt/airflow/dags/ELT.py","logger":"airflow.models.dagbag.DagBag"}
{"timestamp":"2025-08-18T20:53:43.844210","level":"info","event":"Filling up the DagBag from /opt/airflow/dags/ELT.py","logger":"airflow.models.dagbag.DagBag"}
{"timestamp":"2025-08-18T20:54:15.229987","level":"info","event":"Filling up the DagBag from /opt/airflow/dags/ELT.py","logger":"airflow.models.dagbag.DagBag"}
{"timestamp":"2025-08-18T20:54:46.602259","level":"info","event":"Filling up the DagBag from /opt/airflow/dags/ELT.py","logger":"airflow.models.dagbag.DagBag"}
{"timestamp":"2025-08-18T20:55:18.473767","level":"info","event":"Filling up the DagBag from /opt/airflow/dags/ELT.py","logger":"airflow.models.dagbag.DagBag"}
{"timestamp":"2025-08-18T20:55:49.719244","level":"info","event":"Filling up the DagBag from /opt/airflow/dags/ELT.py","logger":"airflow.models.dagbag.DagBag"}
{"timestamp":"2025-08-18T20:56:21.566139","level":"info","event":"Filling up the DagBag from /opt/airflow/dags/ELT.py","logger":"airflow.models.dagbag.DagBag"}
{"timestamp":"2025-08-18T20:56:53.019444","level":"info","event":"Filling up the DagBag from /opt/airflow/dags/ELT.py","logger":"airflow.models.dagbag.DagBag"}
{"timestamp":"2025-08-18T20:57:24.209681","level":"info","event":"Filling up the DagBag from /opt/airflow/dags/ELT.py","logger":"airflow.models.dagbag.DagBag"}
{"timestamp":"2025-08-18T20:57:55.350669","level":"info","event":"Filling up the DagBag from /opt/airflow/dags/ELT.py","logger":"airflow.models.dagbag.DagBag"}
{"timestamp":"2025-08-18T20:58:26.784515","level":"info","event":"Filling up the DagBag from /opt/airflow/dags/ELT.py","logger":"airflow.models.dagbag.DagBag"}
{"timestamp":"2025-08-18T20:58:58.658334","level":"info","event":"Filling up the DagBag from /opt/airflow/dags/ELT.py","logger":"airflow.models.dagbag.DagBag"}
{"timestamp":"2025-08-18T20:59:29.875185","level":"info","event":"Filling up the DagBag from /opt/airflow/dags/ELT.py","logger":"airflow.models.dagbag.DagBag"}
{"timestamp":"2025-08-18T21:00:01.712645","level":"info","event":"Filling up the DagBag from /opt/airflow/dags/ELT.py","logger":"airflow.models.dagbag.DagBag"}
{"timestamp":"2025-08-18T21:00:33.072278","level":"info","event":"Filling up the DagBag from /opt/airflow/dags/ELT.py","logger":"airflow.models.dagbag.DagBag"}
{"timestamp":"2025-08-18T21:01:04.398075","level":"info","event":"Filling up the DagBag from /opt/airflow/dags/ELT.py","logger":"airflow.models.dagbag.DagBag"}
{"timestamp":"2025-08-18T21:01:35.509356","level":"info","event":"Filling up the DagBag from /opt/airflow/dags/ELT.py","logger":"airflow.models.dagbag.DagBag"}
{"timestamp":"2025-08-18T21:02:06.942983","level":"info","event":"Filling up the DagBag from /opt/airflow/dags/ELT.py","logger":"airflow.models.dagbag.DagBag"}
{"timestamp":"2025-08-18T21:02:38.674967","level":"info","event":"Filling up the DagBag from /opt/airflow/dags/ELT.py","logger":"airflow.models.dagbag.DagBag"}
{"timestamp":"2025-08-18T21:03:09.963654","level":"info","event":"Filling up the DagBag from /opt/airflow/dags/ELT.py","logger":"airflow.models.dagbag.DagBag"}
{"timestamp":"2025-08-18T21:03:46.064620","level":"info","event":"Filling up the DagBag from /opt/airflow/dags/ELT.py","logger":"airflow.models.dagbag.DagBag"}
{"timestamp":"2025-08-18T21:05:06.016258","level":"info","event":"Filling up the DagBag from /opt/airflow/dags/ELT.py","logger":"airflow.models.dagbag.DagBag"}
{"timestamp":"2025-08-18T21:05:29.236830Z","level":"critical","event":"Process terminated by signal. For more information, see https://airflow.apache.org/docs/apache-airflow/stable/troubleshooting.html#TaskRunner-killed","signal":-9,"signal_name":"SIGKILL","logger":"processor"}
{"timestamp":"2025-08-18T21:06:00.181518","level":"info","event":"Filling up the DagBag from /opt/airflow/dags/ELT.py","logger":"airflow.models.dagbag.DagBag"}
{"timestamp":"2025-08-18T21:06:53.132008","level":"info","event":"Filling up the DagBag from /opt/airflow/dags/ELT.py","logger":"airflow.models.dagbag.DagBag"}
{"timestamp":"2025-08-18T21:07:24.117949","level":"error","event":"Process timed out, PID: 610","logger":"airflow.utils.timeout.TimeoutPosix"}
{"timestamp":"2025-08-18T21:07:24.120837","level":"error","event":"Failed to import: /opt/airflow/dags/ELT.py","logger":"airflow.models.dagbag.DagBag","error_detail":[{"exc_type":"AirflowTaskTimeout","exc_value":"DagBag import timeout for /opt/airflow/dags/ELT.py after 30.0s.\nPlease take a look at these docs to improve your DAG import time:\n* https://airflow.apache.org/docs/apache-airflow/3.0.4/best-practices.html#top-level-python-code\n* https://airflow.apache.org/docs/apache-airflow/3.0.4/best-practices.html#reducing-dag-complexity, PID: 610","exc_notes":[],"syntax_error":null,"is_cause":false,"frames":[{"filename":"/home/airflow/.local/lib/python3.12/site-packages/airflow/models/dagbag.py","lineno":394,"name":"parse"},{"filename":"<frozen importlib._bootstrap_external>","lineno":999,"name":"exec_module"},{"filename":"<frozen importlib._bootstrap>","lineno":488,"name":"_call_with_frames_removed"},{"filename":"/opt/airflow/dags/ELT.py","lineno":4,"name":"<module>"},{"filename":"/home/airflow/.local/lib/python3.12/site-packages/pandas/__init__.py","lineno":46,"name":"<module>"},{"filename":"/home/airflow/.local/lib/python3.12/site-packages/pandas/core/api.py","lineno":47,"name":"<module>"},{"filename":"/home/airflow/.local/lib/python3.12/site-packages/pandas/core/groupby/__init__.py","lineno":1,"name":"<module>"},{"filename":"/home/airflow/.local/lib/python3.12/site-packages/pandas/core/groupby/generic.py","lineno":67,"name":"<module>"},{"filename":"/home/airflow/.local/lib/python3.12/site-packages/pandas/core/frame.py","lineno":142,"name":"<module>"},{"filename":"/home/airflow/.local/lib/python3.12/site-packages/pandas/core/generic.py","lineno":146,"name":"<module>"},{"filename":"/home/airflow/.local/lib/python3.12/site-packages/pandas/core/indexing.py","lineno":70,"name":"<module>"},{"filename":"/home/airflow/.local/lib/python3.12/site-packages/pandas/core/indexes/api.py","lineno":20,"name":"<module>"},{"filename":"/home/airflow/.local/lib/python3.12/site-packages/pandas/core/indexes/base.py","lineno":29,"name":"<module>"},{"filename":"<frozen importlib._bootstrap>","lineno":645,"name":"parent"},{"filename":"/home/airflow/.local/lib/python3.12/site-packages/airflow/utils/timeout.py","lineno":69,"name":"handle_timeout"}],"is_group":false,"exceptions":[]}]}
{"timestamp":"2025-08-18T21:07:58.021966","level":"info","event":"Filling up the DagBag from /opt/airflow/dags/ELT.py","logger":"airflow.models.dagbag.DagBag"}
{"timestamp":"2025-08-18T21:09:16.083634","level":"info","event":"Filling up the DagBag from /opt/airflow/dags/ELT.py","logger":"airflow.models.dagbag.DagBag"}
{"timestamp":"2025-08-18T21:10:37.659298","level":"info","event":"Filling up the DagBag from /opt/airflow/dags/ELT.py","logger":"airflow.models.dagbag.DagBag"}
{"timestamp":"2025-08-18T21:12:10.136614","level":"info","event":"Filling up the DagBag from /opt/airflow/dags/ELT.py","logger":"airflow.models.dagbag.DagBag"}
{"timestamp":"2025-08-18T21:12:53.102989","level":"info","event":"Filling up the DagBag from /opt/airflow/dags/ELT.py","logger":"airflow.models.dagbag.DagBag"}
{"timestamp":"2025-08-18T21:13:11.939881Z","level":"critical","event":"Process terminated by signal. For more information, see https://airflow.apache.org/docs/apache-airflow/stable/troubleshooting.html#TaskRunner-killed","signal":-9,"signal_name":"SIGKILL","logger":"processor"}
{"timestamp":"2025-08-18T21:13:42.452527","level":"info","event":"Filling up the DagBag from /opt/airflow/dags/ELT.py","logger":"airflow.models.dagbag.DagBag"}
{"timestamp":"2025-08-18T21:13:57.155264Z","level":"critical","event":"Process terminated by signal. For more information, see https://airflow.apache.org/docs/apache-airflow/stable/troubleshooting.html#TaskRunner-killed","signal":-9,"signal_name":"SIGKILL","logger":"processor"}
{"timestamp":"2025-08-18T21:14:27.881498","level":"info","event":"Filling up the DagBag from /opt/airflow/dags/ELT.py","logger":"airflow.models.dagbag.DagBag"}
{"timestamp":"2025-08-18T21:14:58.876693","level":"error","event":"Process timed out, PID: 639","logger":"airflow.utils.timeout.TimeoutPosix"}
{"timestamp":"2025-08-18T21:15:01.342449","level":"error","event":"Failed to import: /opt/airflow/dags/ELT.py","logger":"airflow.models.dagbag.DagBag","error_detail":[{"exc_type":"AirflowTaskTimeout","exc_value":"DagBag import timeout for /opt/airflow/dags/ELT.py after 30.0s.\nPlease take a look at these docs to improve your DAG import time:\n* https://airflow.apache.org/docs/apache-airflow/3.0.4/best-practices.html#top-level-python-code\n* https://airflow.apache.org/docs/apache-airflow/3.0.4/best-practices.html#reducing-dag-complexity, PID: 639","exc_notes":[],"syntax_error":null,"is_cause":false,"frames":[{"filename":"/home/airflow/.local/lib/python3.12/site-packages/airflow/models/dagbag.py","lineno":394,"name":"parse"},{"filename":"<frozen importlib._bootstrap_external>","lineno":999,"name":"exec_module"},{"filename":"<frozen importlib._bootstrap>","lineno":488,"name":"_call_with_frames_removed"},{"filename":"/opt/airflow/dags/ELT.py","lineno":4,"name":"<module>"},{"filename":"/home/airflow/.local/lib/python3.12/site-packages/pandas/__init__.py","lineno":46,"name":"<module>"},{"filename":"/home/airflow/.local/lib/python3.12/site-packages/pandas/core/api.py","lineno":47,"name":"<module>"},{"filename":"/home/airflow/.local/lib/python3.12/site-packages/pandas/core/groupby/__init__.py","lineno":1,"name":"<module>"},{"filename":"/home/airflow/.local/lib/python3.12/site-packages/pandas/core/groupby/generic.py","lineno":67,"name":"<module>"},{"filename":"/home/airflow/.local/lib/python3.12/site-packages/pandas/core/frame.py","lineno":142,"name":"<module>"},{"filename":"/home/airflow/.local/lib/python3.12/site-packages/pandas/core/generic.py","lineno":146,"name":"<module>"},{"filename":"/home/airflow/.local/lib/python3.12/site-packages/pandas/core/indexing.py","lineno":70,"name":"<module>"},{"filename":"/home/airflow/.local/lib/python3.12/site-packages/pandas/core/indexes/api.py","lineno":20,"name":"<module>"},{"filename":"/home/airflow/.local/lib/python3.12/site-packages/pandas/core/indexes/base.py","lineno":29,"name":"<module>"},{"filename":"<frozen importlib._bootstrap>","lineno":645,"name":"parent"},{"filename":"/home/airflow/.local/lib/python3.12/site-packages/airflow/utils/timeout.py","lineno":69,"name":"handle_timeout"}],"is_group":false,"exceptions":[]}]}
{"timestamp":"2025-08-18T21:15:24.764190","level":"info","event":"Filling up the DagBag from /opt/airflow/dags/ELT.py","logger":"airflow.models.dagbag.DagBag"}
{"timestamp":"2025-08-18T21:16:27.394899","level":"info","event":"Filling up the DagBag from /opt/airflow/dags/ELT.py","logger":"airflow.models.dagbag.DagBag"}
{"timestamp":"2025-08-18T21:17:49.458349","level":"info","event":"Filling up the DagBag from /opt/airflow/dags/ELT.py","logger":"airflow.models.dagbag.DagBag"}
{"timestamp":"2025-08-18T21:18:28.828845Z","level":"critical","event":"Process terminated by signal. For more information, see https://airflow.apache.org/docs/apache-airflow/stable/troubleshooting.html#TaskRunner-killed","signal":-9,"signal_name":"SIGKILL","logger":"processor"}
{"timestamp":"2025-08-18T21:19:46.974049","level":"info","event":"Filling up the DagBag from /opt/airflow/dags/ELT.py","logger":"airflow.models.dagbag.DagBag"}
{"timestamp":"2025-08-18T21:20:23.711143","level":"info","event":"Filling up the DagBag from /opt/airflow/dags/ELT.py","logger":"airflow.models.dagbag.DagBag"}
{"timestamp":"2025-08-18T21:21:12.689700","level":"error","event":"Process timed out, PID: 47","logger":"airflow.utils.timeout.TimeoutPosix"}
{"timestamp":"2025-08-18T21:21:12.733223Z","level":"error","event":"Exception ignored in: <function _collection_gced at 0x7ff631218fe0>","chan":"stderr","logger":"processor"}
{"timestamp":"2025-08-18T21:21:12.735918Z","level":"error","event":"Traceback (most recent call last):","chan":"stderr","logger":"processor"}
{"timestamp":"2025-08-18T21:21:12.738240Z","level":"error","event":"  File \"/home/airflow/.local/lib/python3.12/site-packages/sqlalchemy/event/registry.py\", line 53, in _collection_gced","chan":"stderr","logger":"processor"}
{"timestamp":"2025-08-18T21:21:12.740069Z","level":"error","event":"    def _collection_gced(ref):","chan":"stderr","logger":"processor"}
{"timestamp":"2025-08-18T21:21:12.741212Z","level":"error","event":"","chan":"stderr","logger":"processor"}
{"timestamp":"2025-08-18T21:21:12.742224Z","level":"error","event":"  File \"/home/airflow/.local/lib/python3.12/site-packages/airflow/utils/timeout.py\", line 69, in handle_timeout","chan":"stderr","logger":"processor"}
{"timestamp":"2025-08-18T21:21:12.743185Z","level":"error","event":"    raise AirflowTaskTimeout(self.error_message)","chan":"stderr","logger":"processor"}
{"timestamp":"2025-08-18T21:21:12.745248Z","level":"error","event":"airflow.exceptions.AirflowTaskTimeout: DagBag import timeout for /opt/airflow/dags/ELT.py after 30.0s.","chan":"stderr","logger":"processor"}
{"timestamp":"2025-08-18T21:21:12.746352Z","level":"error","event":"Please take a look at these docs to improve your DAG import time:","chan":"stderr","logger":"processor"}
{"timestamp":"2025-08-18T21:21:12.747370Z","level":"error","event":"* https://airflow.apache.org/docs/apache-airflow/3.0.4/best-practices.html#top-level-python-code","chan":"stderr","logger":"processor"}
{"timestamp":"2025-08-18T21:21:12.748925Z","level":"error","event":"* https://airflow.apache.org/docs/apache-airflow/3.0.4/best-practices.html#reducing-dag-complexity, PID: 47","chan":"stderr","logger":"processor"}
{"timestamp":"2025-08-18T21:21:45.968004","level":"info","event":"Filling up the DagBag from /opt/airflow/dags/ELT.py","logger":"airflow.models.dagbag.DagBag"}
{"timestamp":"2025-08-18T21:22:05.035243Z","level":"critical","event":"Process terminated by signal. For more information, see https://airflow.apache.org/docs/apache-airflow/stable/troubleshooting.html#TaskRunner-killed","signal":-9,"signal_name":"SIGKILL","logger":"processor"}
{"timestamp":"2025-08-18T21:22:37.475427","level":"info","event":"Filling up the DagBag from /opt/airflow/dags/ELT.py","logger":"airflow.models.dagbag.DagBag"}
{"timestamp":"2025-08-18T21:24:00.662450","level":"info","event":"Filling up the DagBag from /opt/airflow/dags/ELT.py","logger":"airflow.models.dagbag.DagBag"}
{"timestamp":"2025-08-18T21:25:25.795470","level":"info","event":"Filling up the DagBag from /opt/airflow/dags/ELT.py","logger":"airflow.models.dagbag.DagBag"}
{"timestamp":"2025-08-18T21:26:48.918782","level":"info","event":"Filling up the DagBag from /opt/airflow/dags/ELT.py","logger":"airflow.models.dagbag.DagBag"}
{"timestamp":"2025-08-18T21:27:47.767190","level":"info","event":"Filling up the DagBag from /opt/airflow/dags/ELT.py","logger":"airflow.models.dagbag.DagBag"}
{"timestamp":"2025-08-18T21:27:53.322226Z","level":"critical","event":"Process terminated by signal. For more information, see https://airflow.apache.org/docs/apache-airflow/stable/troubleshooting.html#TaskRunner-killed","signal":-9,"signal_name":"SIGKILL","logger":"processor"}
{"timestamp":"2025-08-18T21:28:24.387131","level":"info","event":"Filling up the DagBag from /opt/airflow/dags/ELT.py","logger":"airflow.models.dagbag.DagBag"}
{"timestamp":"2025-08-18T21:28:47.910498Z","level":"critical","event":"Process terminated by signal. For more information, see https://airflow.apache.org/docs/apache-airflow/stable/troubleshooting.html#TaskRunner-killed","signal":-9,"signal_name":"SIGKILL","logger":"processor"}
{"timestamp":"2025-08-18T21:29:18.463562","level":"info","event":"Filling up the DagBag from /opt/airflow/dags/ELT.py","logger":"airflow.models.dagbag.DagBag"}
{"timestamp":"2025-08-18T21:29:24.702557Z","level":"critical","event":"Process terminated by signal. For more information, see https://airflow.apache.org/docs/apache-airflow/stable/troubleshooting.html#TaskRunner-killed","signal":-9,"signal_name":"SIGKILL","logger":"processor"}
{"timestamp":"2025-08-18T21:30:07.161049","level":"info","event":"Filling up the DagBag from /opt/airflow/dags/ELT.py","logger":"airflow.models.dagbag.DagBag"}
{"timestamp":"2025-08-18T21:30:15.427579Z","level":"critical","event":"Process terminated by signal. For more information, see https://airflow.apache.org/docs/apache-airflow/stable/troubleshooting.html#TaskRunner-killed","signal":-9,"signal_name":"SIGKILL","logger":"processor"}
{"timestamp":"2025-08-18T21:30:46.470689","level":"info","event":"Filling up the DagBag from /opt/airflow/dags/ELT.py","logger":"airflow.models.dagbag.DagBag"}
{"timestamp":"2025-08-18T21:30:56.969341Z","level":"critical","event":"Process terminated by signal. For more information, see https://airflow.apache.org/docs/apache-airflow/stable/troubleshooting.html#TaskRunner-killed","signal":-9,"signal_name":"SIGKILL","logger":"processor"}
{"timestamp":"2025-08-18T21:31:27.667971","level":"info","event":"Filling up the DagBag from /opt/airflow/dags/ELT.py","logger":"airflow.models.dagbag.DagBag"}
{"timestamp":"2025-08-18T21:32:12.475422","level":"info","event":"Filling up the DagBag from /opt/airflow/dags/ELT.py","logger":"airflow.models.dagbag.DagBag"}
{"timestamp":"2025-08-18T21:33:10.264633","level":"info","event":"Filling up the DagBag from /opt/airflow/dags/ELT.py","logger":"airflow.models.dagbag.DagBag"}
{"timestamp":"2025-08-18T21:33:12.888787Z","level":"critical","event":"Process terminated by signal. For more information, see https://airflow.apache.org/docs/apache-airflow/stable/troubleshooting.html#TaskRunner-killed","signal":-9,"signal_name":"SIGKILL","logger":"processor"}
{"timestamp":"2025-08-18T21:34:04.912225","level":"info","event":"Filling up the DagBag from /opt/airflow/dags/ELT.py","logger":"airflow.models.dagbag.DagBag"}
{"timestamp":"2025-08-18T21:35:32.308430","level":"info","event":"Filling up the DagBag from /opt/airflow/dags/ELT.py","logger":"airflow.models.dagbag.DagBag"}
{"timestamp":"2025-08-18T21:35:35.996498Z","level":"critical","event":"Process terminated by signal. For more information, see https://airflow.apache.org/docs/apache-airflow/stable/troubleshooting.html#TaskRunner-killed","signal":-9,"signal_name":"SIGKILL","logger":"processor"}
{"timestamp":"2025-08-18T21:36:28.028390","level":"info","event":"Filling up the DagBag from /opt/airflow/dags/ELT.py","logger":"airflow.models.dagbag.DagBag"}
{"timestamp":"2025-08-18T21:37:08.989655","level":"info","event":"Filling up the DagBag from /opt/airflow/dags/ELT.py","logger":"airflow.models.dagbag.DagBag"}
{"timestamp":"2025-08-18T21:37:40.078314","level":"error","event":"Process timed out, PID: 55","logger":"airflow.utils.timeout.TimeoutPosix"}
{"timestamp":"2025-08-18T21:37:41.980465","level":"error","event":"Failed to import: /opt/airflow/dags/ELT.py","logger":"airflow.models.dagbag.DagBag","error_detail":[{"exc_type":"AirflowTaskTimeout","exc_value":"DagBag import timeout for /opt/airflow/dags/ELT.py after 30.0s.\nPlease take a look at these docs to improve your DAG import time:\n* https://airflow.apache.org/docs/apache-airflow/3.0.4/best-practices.html#top-level-python-code\n* https://airflow.apache.org/docs/apache-airflow/3.0.4/best-practices.html#reducing-dag-complexity, PID: 55","exc_notes":[],"syntax_error":null,"is_cause":false,"frames":[{"filename":"/home/airflow/.local/lib/python3.12/site-packages/airflow/models/dagbag.py","lineno":394,"name":"parse"},{"filename":"<frozen importlib._bootstrap_external>","lineno":999,"name":"exec_module"},{"filename":"<frozen importlib._bootstrap>","lineno":488,"name":"_call_with_frames_removed"},{"filename":"/opt/airflow/dags/ELT.py","lineno":4,"name":"<module>"},{"filename":"/home/airflow/.local/lib/python3.12/site-packages/pandas/__init__.py","lineno":139,"name":"<module>"},{"filename":"/home/airflow/.local/lib/python3.12/site-packages/pandas/io/api.py","lineno":6,"name":"<module>"},{"filename":"/home/airflow/.local/lib/python3.12/site-packages/pandas/io/excel/__init__.py","lineno":1,"name":"<module>"},{"filename":"/home/airflow/.local/lib/python3.12/site-packages/pandas/io/excel/_base.py","lineno":1452,"name":"<module>"},{"filename":"/home/airflow/.local/lib/python3.12/site-packages/pandas/io/excel/_base.py","lineno":1509,"name":"ExcelFile"},{"filename":"<frozen importlib._bootstrap>","lineno":1360,"name":"_find_and_load"},{"filename":"<frozen importlib._bootstrap>","lineno":1331,"name":"_find_and_load_unlocked"},{"filename":"<frozen importlib._bootstrap>","lineno":935,"name":"_load_unlocked"},{"filename":"<frozen importlib._bootstrap_external>","lineno":995,"name":"exec_module"},{"filename":"<frozen importlib._bootstrap_external>","lineno":1101,"name":"get_code"},{"filename":"/home/airflow/.local/lib/python3.12/site-packages/airflow/utils/timeout.py","lineno":69,"name":"handle_timeout"}],"is_group":false,"exceptions":[]}]}
{"timestamp":"2025-08-18T21:38:38.726031","level":"info","event":"Filling up the DagBag from /opt/airflow/dags/ELT.py","logger":"airflow.models.dagbag.DagBag"}
{"timestamp":"2025-08-18T21:39:23.677884","level":"info","event":"Filling up the DagBag from /opt/airflow/dags/ELT.py","logger":"airflow.models.dagbag.DagBag"}
{"timestamp":"2025-08-18T21:39:55.725082","level":"info","event":"Filling up the DagBag from /opt/airflow/dags/ELT.py","logger":"airflow.models.dagbag.DagBag"}
{"timestamp":"2025-08-18T21:40:27.257339","level":"info","event":"Filling up the DagBag from /opt/airflow/dags/ELT.py","logger":"airflow.models.dagbag.DagBag"}
{"timestamp":"2025-08-18T21:40:58.966782","level":"info","event":"Filling up the DagBag from /opt/airflow/dags/ELT.py","logger":"airflow.models.dagbag.DagBag"}
{"timestamp":"2025-08-18T21:41:31.106401","level":"info","event":"Filling up the DagBag from /opt/airflow/dags/ELT.py","logger":"airflow.models.dagbag.DagBag"}
{"timestamp":"2025-08-18T21:42:15.680932","level":"info","event":"Filling up the DagBag from /opt/airflow/dags/ELT.py","logger":"airflow.models.dagbag.DagBag"}
{"timestamp":"2025-08-18T21:42:49.637000Z","level":"critical","event":"Process terminated by signal. For more information, see https://airflow.apache.org/docs/apache-airflow/stable/troubleshooting.html#TaskRunner-killed","signal":-9,"signal_name":"SIGKILL","logger":"processor"}
{"timestamp":"2025-08-18T21:43:21.049094","level":"info","event":"Filling up the DagBag from /opt/airflow/dags/ELT.py","logger":"airflow.models.dagbag.DagBag"}
{"timestamp":"2025-08-18T21:43:57.009175","level":"info","event":"Filling up the DagBag from /opt/airflow/dags/ELT.py","logger":"airflow.models.dagbag.DagBag"}
{"timestamp":"2025-08-18T21:44:32.157055","level":"info","event":"Filling up the DagBag from /opt/airflow/dags/ELT.py","logger":"airflow.models.dagbag.DagBag"}
{"timestamp":"2025-08-18T21:45:10.602681","level":"info","event":"Filling up the DagBag from /opt/airflow/dags/ELT.py","logger":"airflow.models.dagbag.DagBag"}
{"timestamp":"2025-08-18T21:45:43.458594","level":"error","event":"Process timed out, PID: 168","logger":"airflow.utils.timeout.TimeoutPosix"}
{"timestamp":"2025-08-18T21:45:43.590515Z","level":"error","event":"Exception ignored in: <function _collection_gced at 0x7fc065d20fe0>","chan":"stderr","logger":"processor"}
{"timestamp":"2025-08-18T21:45:43.595033Z","level":"error","event":"Traceback (most recent call last):","chan":"stderr","logger":"processor"}
{"timestamp":"2025-08-18T21:45:43.597454Z","level":"error","event":"  File \"/home/airflow/.local/lib/python3.12/site-packages/sqlalchemy/event/registry.py\", line 53, in _collection_gced","chan":"stderr","logger":"processor"}
{"timestamp":"2025-08-18T21:45:43.599190Z","level":"error","event":"    def _collection_gced(ref):","chan":"stderr","logger":"processor"}
{"timestamp":"2025-08-18T21:45:43.600940Z","level":"error","event":"","chan":"stderr","logger":"processor"}
{"timestamp":"2025-08-18T21:45:43.603812Z","level":"error","event":"  File \"/home/airflow/.local/lib/python3.12/site-packages/airflow/utils/timeout.py\", line 69, in handle_timeout","chan":"stderr","logger":"processor"}
{"timestamp":"2025-08-18T21:45:43.604980Z","level":"error","event":"    raise AirflowTaskTimeout(self.error_message)","chan":"stderr","logger":"processor"}
{"timestamp":"2025-08-18T21:45:43.606551Z","level":"error","event":"airflow.exceptions.AirflowTaskTimeout: DagBag import timeout for /opt/airflow/dags/ELT.py after 30.0s.","chan":"stderr","logger":"processor"}
{"timestamp":"2025-08-18T21:45:43.608216Z","level":"error","event":"Please take a look at these docs to improve your DAG import time:","chan":"stderr","logger":"processor"}
{"timestamp":"2025-08-18T21:45:43.611281Z","level":"error","event":"* https://airflow.apache.org/docs/apache-airflow/3.0.4/best-practices.html#top-level-python-code","chan":"stderr","logger":"processor"}
{"timestamp":"2025-08-18T21:45:43.612428Z","level":"error","event":"* https://airflow.apache.org/docs/apache-airflow/3.0.4/best-practices.html#reducing-dag-complexity, PID: 168","chan":"stderr","logger":"processor"}
{"timestamp":"2025-08-18T21:46:19.874534","level":"info","event":"Filling up the DagBag from /opt/airflow/dags/ELT.py","logger":"airflow.models.dagbag.DagBag"}
{"timestamp":"2025-08-18T21:46:31.489633Z","level":"critical","event":"Process terminated by signal. For more information, see https://airflow.apache.org/docs/apache-airflow/stable/troubleshooting.html#TaskRunner-killed","signal":-9,"signal_name":"SIGKILL","logger":"processor"}
{"timestamp":"2025-08-18T21:47:03.641243","level":"info","event":"Filling up the DagBag from /opt/airflow/dags/ELT.py","logger":"airflow.models.dagbag.DagBag"}
{"timestamp":"2025-08-18T21:47:34.994071","level":"error","event":"Process timed out, PID: 183","logger":"airflow.utils.timeout.TimeoutPosix"}
{"timestamp":"2025-08-18T21:47:35.060486Z","level":"error","event":"Exception ignored in: <function _collection_gced at 0x7fc065d20fe0>","chan":"stderr","logger":"processor"}
{"timestamp":"2025-08-18T21:47:35.062466Z","level":"error","event":"Traceback (most recent call last):","chan":"stderr","logger":"processor"}
{"timestamp":"2025-08-18T21:47:35.063842Z","level":"error","event":"  File \"/home/airflow/.local/lib/python3.12/site-packages/sqlalchemy/event/registry.py\", line 53, in _collection_gced","chan":"stderr","logger":"processor"}
{"timestamp":"2025-08-18T21:47:35.064972Z","level":"error","event":"    def _collection_gced(ref):","chan":"stderr","logger":"processor"}
{"timestamp":"2025-08-18T21:47:35.066249Z","level":"error","event":"","chan":"stderr","logger":"processor"}
{"timestamp":"2025-08-18T21:47:35.067054Z","level":"error","event":"  File \"/home/airflow/.local/lib/python3.12/site-packages/airflow/utils/timeout.py\", line 69, in handle_timeout","chan":"stderr","logger":"processor"}
{"timestamp":"2025-08-18T21:47:35.068367Z","level":"error","event":"    raise AirflowTaskTimeout(self.error_message)","chan":"stderr","logger":"processor"}
{"timestamp":"2025-08-18T21:47:35.069884Z","level":"error","event":"airflow.exceptions.AirflowTaskTimeout: DagBag import timeout for /opt/airflow/dags/ELT.py after 30.0s.","chan":"stderr","logger":"processor"}
{"timestamp":"2025-08-18T21:47:35.071421Z","level":"error","event":"Please take a look at these docs to improve your DAG import time:","chan":"stderr","logger":"processor"}
{"timestamp":"2025-08-18T21:47:35.073143Z","level":"error","event":"* https://airflow.apache.org/docs/apache-airflow/3.0.4/best-practices.html#top-level-python-code","chan":"stderr","logger":"processor"}
{"timestamp":"2025-08-18T21:47:35.074537Z","level":"error","event":"* https://airflow.apache.org/docs/apache-airflow/3.0.4/best-practices.html#reducing-dag-complexity, PID: 183","chan":"stderr","logger":"processor"}
{"timestamp":"2025-08-18T21:48:11.042087","level":"info","event":"Filling up the DagBag from /opt/airflow/dags/ELT.py","logger":"airflow.models.dagbag.DagBag"}
{"timestamp":"2025-08-18T21:49:01.840579","level":"info","event":"Filling up the DagBag from /opt/airflow/dags/ELT.py","logger":"airflow.models.dagbag.DagBag"}
{"timestamp":"2025-08-18T21:49:43.631853","level":"error","event":"Process timed out, PID: 217","logger":"airflow.utils.timeout.TimeoutPosix"}
{"timestamp":"2025-08-18T21:49:43.632420","level":"error","event":"Failed to import: /opt/airflow/dags/ELT.py","logger":"airflow.models.dagbag.DagBag","error_detail":[{"exc_type":"AirflowTaskTimeout","exc_value":"DagBag import timeout for /opt/airflow/dags/ELT.py after 30.0s.\nPlease take a look at these docs to improve your DAG import time:\n* https://airflow.apache.org/docs/apache-airflow/3.0.4/best-practices.html#top-level-python-code\n* https://airflow.apache.org/docs/apache-airflow/3.0.4/best-practices.html#reducing-dag-complexity, PID: 217","exc_notes":[],"syntax_error":null,"is_cause":false,"frames":[{"filename":"/home/airflow/.local/lib/python3.12/site-packages/airflow/models/dagbag.py","lineno":394,"name":"parse"},{"filename":"<frozen importlib._bootstrap_external>","lineno":999,"name":"exec_module"},{"filename":"<frozen importlib._bootstrap>","lineno":488,"name":"_call_with_frames_removed"},{"filename":"/opt/airflow/dags/ELT.py","lineno":4,"name":"<module>"},{"filename":"/home/airflow/.local/lib/python3.12/site-packages/pandas/__init__.py","lineno":23,"name":"<module>"},{"filename":"/home/airflow/.local/lib/python3.12/site-packages/pandas/compat/__init__.py","lineno":27,"name":"<module>"},{"filename":"/home/airflow/.local/lib/python3.12/site-packages/pandas/compat/pyarrow.py","lineno":8,"name":"<module>"},{"filename":"/home/airflow/.local/lib/python3.12/site-packages/pyarrow/__init__.py","lineno":65,"name":"<module>"},{"filename":"<frozen importlib._bootstrap>","lineno":645,"name":"parent"},{"filename":"/home/airflow/.local/lib/python3.12/site-packages/airflow/utils/timeout.py","lineno":69,"name":"handle_timeout"}],"is_group":false,"exceptions":[]}]}
{"timestamp":"2025-08-18T21:50:14.342771","level":"info","event":"Filling up the DagBag from /opt/airflow/dags/ELT.py","logger":"airflow.models.dagbag.DagBag"}
{"timestamp":"2025-08-18T21:50:46.136593","level":"error","event":"Process timed out, PID: 227","logger":"airflow.utils.timeout.TimeoutPosix"}
{"timestamp":"2025-08-18T21:50:46.555575","level":"error","event":"Failed to import: /opt/airflow/dags/ELT.py","logger":"airflow.models.dagbag.DagBag","error_detail":[{"exc_type":"AirflowTaskTimeout","exc_value":"DagBag import timeout for /opt/airflow/dags/ELT.py after 30.0s.\nPlease take a look at these docs to improve your DAG import time:\n* https://airflow.apache.org/docs/apache-airflow/3.0.4/best-practices.html#top-level-python-code\n* https://airflow.apache.org/docs/apache-airflow/3.0.4/best-practices.html#reducing-dag-complexity, PID: 227","exc_notes":[],"syntax_error":null,"is_cause":false,"frames":[{"filename":"/home/airflow/.local/lib/python3.12/site-packages/airflow/models/dagbag.py","lineno":394,"name":"parse"},{"filename":"<frozen importlib._bootstrap_external>","lineno":999,"name":"exec_module"},{"filename":"<frozen importlib._bootstrap>","lineno":488,"name":"_call_with_frames_removed"},{"filename":"/opt/airflow/dags/ELT.py","lineno":56,"name":"<module>"},{"filename":"/home/airflow/.local/lib/python3.12/site-packages/airflow/sdk/definitions/dag.py","lineno":1421,"name":"factory"},{"filename":"/opt/airflow/dags/ELT.py","lineno":28,"name":"elt_pipeline"},{"filename":"/home/airflow/.local/lib/python3.12/site-packages/airflow/models/variable.py","lineno":156,"name":"get"},{"filename":"/home/airflow/.local/lib/python3.12/site-packages/airflow/sdk/definitions/variable.py","lineno":53,"name":"get"},{"filename":"/home/airflow/.local/lib/python3.12/site-packages/airflow/sdk/execution_time/context.py","lineno":204,"name":"_get_variable"},{"filename":"/home/airflow/.local/lib/python3.12/site-packages/airflow/sdk/execution_time/comms.py","lineno":203,"name":"send"},{"filename":"/home/airflow/.local/lib/python3.12/site-packages/airflow/sdk/execution_time/comms.py","lineno":262,"name":"_get_response"},{"filename":"/home/airflow/.local/lib/python3.12/site-packages/airflow/sdk/execution_time/comms.py","lineno":223,"name":"_read_frame"},{"filename":"/home/airflow/.local/lib/python3.12/site-packages/airflow/utils/timeout.py","lineno":69,"name":"handle_timeout"}],"is_group":false,"exceptions":[]}]}
{"timestamp":"2025-08-18T21:52:21.229067","level":"info","event":"Filling up the DagBag from /opt/airflow/dags/ELT.py","logger":"airflow.models.dagbag.DagBag"}
{"timestamp":"2025-08-18T21:53:01.364356","level":"info","event":"Filling up the DagBag from /opt/airflow/dags/ELT.py","logger":"airflow.models.dagbag.DagBag"}
{"timestamp":"2025-08-18T21:53:45.855493","level":"info","event":"Filling up the DagBag from /opt/airflow/dags/ELT.py","logger":"airflow.models.dagbag.DagBag"}
{"timestamp":"2025-08-18T21:54:40.719805","level":"info","event":"Filling up the DagBag from /opt/airflow/dags/ELT.py","logger":"airflow.models.dagbag.DagBag"}
{"timestamp":"2025-08-18T21:54:44.680211Z","level":"critical","event":"Process terminated by signal. For more information, see https://airflow.apache.org/docs/apache-airflow/stable/troubleshooting.html#TaskRunner-killed","signal":-9,"signal_name":"SIGKILL","logger":"processor"}
{"timestamp":"2025-08-18T21:55:15.385679","level":"info","event":"Filling up the DagBag from /opt/airflow/dags/ELT.py","logger":"airflow.models.dagbag.DagBag"}
{"timestamp":"2025-08-18T21:55:51.409690","level":"info","event":"Filling up the DagBag from /opt/airflow/dags/ELT.py","logger":"airflow.models.dagbag.DagBag"}
{"timestamp":"2025-08-18T21:56:01.439240Z","level":"critical","event":"Process terminated by signal. For more information, see https://airflow.apache.org/docs/apache-airflow/stable/troubleshooting.html#TaskRunner-killed","signal":-9,"signal_name":"SIGKILL","logger":"processor"}
{"timestamp":"2025-08-18T22:22:14.900944","level":"info","event":"Filling up the DagBag from /opt/airflow/dags/ELT.py","logger":"airflow.models.dagbag.DagBag"}
{"timestamp":"2025-08-18T22:22:33.331819Z","level":"critical","event":"Process terminated by signal. For more information, see https://airflow.apache.org/docs/apache-airflow/stable/troubleshooting.html#TaskRunner-killed","signal":-9,"signal_name":"SIGKILL","logger":"processor"}
